<?xml version="1.0" encoding="UTF-8"?>
<testsuites>
	<testsuite failures="70" name="gitleaks" tests="70" time="">
		<testcase classname="Uncovered a GitHub Personal Access Token, potentially leading to unauthorized repository access and sensitive content exposure." file="github-token.txt" name="github-pat has detected a secret in file github-token.txt, line 1." time="">
			<failure message="github-pat has detected a secret in file github-token.txt, line 1." type="Uncovered a GitHub Personal Access Token, potentially leading to unauthorized repository access and sensitive content exposure.">{&#xA;&#x9;&#34;RuleID&#34;: &#34;github-pat&#34;,&#xA;&#x9;&#34;Description&#34;: &#34;Uncovered a GitHub Personal Access Token, potentially leading to unauthorized repository access and sensitive content exposure.&#34;,&#xA;&#x9;&#34;StartLine&#34;: 1,&#xA;&#x9;&#34;EndLine&#34;: 1,&#xA;&#x9;&#34;StartColumn&#34;: 1,&#xA;&#x9;&#34;EndColumn&#34;: 40,&#xA;&#x9;&#34;Match&#34;: &#34;ghp_123456789012345678901234567890123456&#34;,&#xA;&#x9;&#34;Secret&#34;: &#34;ghp_123456789012345678901234567890123456&#34;,&#xA;&#x9;&#34;File&#34;: &#34;github-token.txt&#34;,&#xA;&#x9;&#34;SymlinkFile&#34;: &#34;&#34;,&#xA;&#x9;&#34;Commit&#34;: &#34;&#34;,&#xA;&#x9;&#34;Entropy&#34;: 3.6464393,&#xA;&#x9;&#34;Author&#34;: &#34;&#34;,&#xA;&#x9;&#34;Email&#34;: &#34;&#34;,&#xA;&#x9;&#34;Date&#34;: &#34;&#34;,&#xA;&#x9;&#34;Message&#34;: &#34;&#34;,&#xA;&#x9;&#34;Tags&#34;: [],&#xA;&#x9;&#34;Fingerprint&#34;: &#34;github-token.txt:github-pat:1&#34;&#xA;}</failure>
		</testcase>
		<testcase classname="Detected a Generic API Key, potentially exposing access to various services and sensitive operations." file="fake-secrets.env" name="generic-api-key has detected a secret in file fake-secrets.env, line 6." time="">
			<failure message="generic-api-key has detected a secret in file fake-secrets.env, line 6." type="Detected a Generic API Key, potentially exposing access to various services and sensitive operations.">{&#xA;&#x9;&#34;RuleID&#34;: &#34;generic-api-key&#34;,&#xA;&#x9;&#34;Description&#34;: &#34;Detected a Generic API Key, potentially exposing access to various services and sensitive operations.&#34;,&#xA;&#x9;&#34;StartLine&#34;: 6,&#xA;&#x9;&#34;EndLine&#34;: 6,&#xA;&#x9;&#34;StartColumn&#34;: 2,&#xA;&#x9;&#34;EndColumn&#34;: 58,&#xA;&#x9;&#34;Match&#34;: &#34;GITHUB_TOKEN=ghp_1234567890abcdef1234567890abcdef12345678&#34;,&#xA;&#x9;&#34;Secret&#34;: &#34;ghp_1234567890abcdef1234567890abcdef12345678&#34;,&#xA;&#x9;&#34;File&#34;: &#34;fake-secrets.env&#34;,&#xA;&#x9;&#34;SymlinkFile&#34;: &#34;&#34;,&#xA;&#x9;&#34;Commit&#34;: &#34;&#34;,&#xA;&#x9;&#34;Entropy&#34;: 4.2312703,&#xA;&#x9;&#34;Author&#34;: &#34;&#34;,&#xA;&#x9;&#34;Email&#34;: &#34;&#34;,&#xA;&#x9;&#34;Date&#34;: &#34;&#34;,&#xA;&#x9;&#34;Message&#34;: &#34;&#34;,&#xA;&#x9;&#34;Tags&#34;: [],&#xA;&#x9;&#34;Fingerprint&#34;: &#34;fake-secrets.env:generic-api-key:6&#34;&#xA;}</failure>
		</testcase>
		<testcase classname="Uncovered a GitHub Personal Access Token, potentially leading to unauthorized repository access and sensitive content exposure." file="fake-secrets.env" name="github-pat has detected a secret in file fake-secrets.env, line 6." time="">
			<failure message="github-pat has detected a secret in file fake-secrets.env, line 6." type="Uncovered a GitHub Personal Access Token, potentially leading to unauthorized repository access and sensitive content exposure.">{&#xA;&#x9;&#34;RuleID&#34;: &#34;github-pat&#34;,&#xA;&#x9;&#34;Description&#34;: &#34;Uncovered a GitHub Personal Access Token, potentially leading to unauthorized repository access and sensitive content exposure.&#34;,&#xA;&#x9;&#34;StartLine&#34;: 6,&#xA;&#x9;&#34;EndLine&#34;: 6,&#xA;&#x9;&#34;StartColumn&#34;: 15,&#xA;&#x9;&#34;EndColumn&#34;: 54,&#xA;&#x9;&#34;Match&#34;: &#34;ghp_1234567890abcdef1234567890abcdef1234&#34;,&#xA;&#x9;&#34;Secret&#34;: &#34;ghp_1234567890abcdef1234567890abcdef1234&#34;,&#xA;&#x9;&#34;File&#34;: &#34;fake-secrets.env&#34;,&#xA;&#x9;&#34;SymlinkFile&#34;: &#34;&#34;,&#xA;&#x9;&#34;Commit&#34;: &#34;&#34;,&#xA;&#x9;&#34;Entropy&#34;: 4.2464395,&#xA;&#x9;&#34;Author&#34;: &#34;&#34;,&#xA;&#x9;&#34;Email&#34;: &#34;&#34;,&#xA;&#x9;&#34;Date&#34;: &#34;&#34;,&#xA;&#x9;&#34;Message&#34;: &#34;&#34;,&#xA;&#x9;&#34;Tags&#34;: [],&#xA;&#x9;&#34;Fingerprint&#34;: &#34;fake-secrets.env:github-pat:6&#34;&#xA;}</failure>
		</testcase>
		<testcase classname="Detected a Generic API Key, potentially exposing access to various services and sensitive operations." file="report.json" name="generic-api-key has detected a secret in file report.json, line 29." time="">
			<failure message="generic-api-key has detected a secret in file report.json, line 29." type="Detected a Generic API Key, potentially exposing access to various services and sensitive operations.">{&#xA;&#x9;&#34;RuleID&#34;: &#34;generic-api-key&#34;,&#xA;&#x9;&#34;Description&#34;: &#34;Detected a Generic API Key, potentially exposing access to various services and sensitive operations.&#34;,&#xA;&#x9;&#34;StartLine&#34;: 29,&#xA;&#x9;&#34;EndLine&#34;: 29,&#xA;&#x9;&#34;StartColumn&#34;: 14,&#xA;&#x9;&#34;EndColumn&#34;: 71,&#xA;&#x9;&#34;Match&#34;: &#34;GITHUB_TOKEN=ghp_1234567890abcdef1234567890abcdef12345678\&#34;&#34;,&#xA;&#x9;&#34;Secret&#34;: &#34;ghp_1234567890abcdef1234567890abcdef12345678&#34;,&#xA;&#x9;&#34;File&#34;: &#34;report.json&#34;,&#xA;&#x9;&#34;SymlinkFile&#34;: &#34;&#34;,&#xA;&#x9;&#34;Commit&#34;: &#34;&#34;,&#xA;&#x9;&#34;Entropy&#34;: 4.2312703,&#xA;&#x9;&#34;Author&#34;: &#34;&#34;,&#xA;&#x9;&#34;Email&#34;: &#34;&#34;,&#xA;&#x9;&#34;Date&#34;: &#34;&#34;,&#xA;&#x9;&#34;Message&#34;: &#34;&#34;,&#xA;&#x9;&#34;Tags&#34;: [],&#xA;&#x9;&#34;Fingerprint&#34;: &#34;report.json:generic-api-key:29&#34;&#xA;}</failure>
		</testcase>
		<testcase classname="Detected a Generic API Key, potentially exposing access to various services and sensitive operations." file="report.json" name="generic-api-key has detected a secret in file report.json, line 30." time="">
			<failure message="generic-api-key has detected a secret in file report.json, line 30." type="Detected a Generic API Key, potentially exposing access to various services and sensitive operations.">{&#xA;&#x9;&#34;RuleID&#34;: &#34;generic-api-key&#34;,&#xA;&#x9;&#34;Description&#34;: &#34;Detected a Generic API Key, potentially exposing access to various services and sensitive operations.&#34;,&#xA;&#x9;&#34;StartLine&#34;: 30,&#xA;&#x9;&#34;EndLine&#34;: 30,&#xA;&#x9;&#34;StartColumn&#34;: 5,&#xA;&#x9;&#34;EndColumn&#34;: 59,&#xA;&#x9;&#34;Match&#34;: &#34;Secret\&#34;: \&#34;ghp_1234567890abcdef1234567890abcdef12345678\&#34;&#34;,&#xA;&#x9;&#34;Secret&#34;: &#34;ghp_1234567890abcdef1234567890abcdef12345678&#34;,&#xA;&#x9;&#34;File&#34;: &#34;report.json&#34;,&#xA;&#x9;&#34;SymlinkFile&#34;: &#34;&#34;,&#xA;&#x9;&#34;Commit&#34;: &#34;&#34;,&#xA;&#x9;&#34;Entropy&#34;: 4.2312703,&#xA;&#x9;&#34;Author&#34;: &#34;&#34;,&#xA;&#x9;&#34;Email&#34;: &#34;&#34;,&#xA;&#x9;&#34;Date&#34;: &#34;&#34;,&#xA;&#x9;&#34;Message&#34;: &#34;&#34;,&#xA;&#x9;&#34;Tags&#34;: [],&#xA;&#x9;&#34;Fingerprint&#34;: &#34;report.json:generic-api-key:30&#34;&#xA;}</failure>
		</testcase>
		<testcase classname="Uncovered a GitHub Personal Access Token, potentially leading to unauthorized repository access and sensitive content exposure." file="report.json" name="github-pat has detected a secret in file report.json, line 9." time="">
			<failure message="github-pat has detected a secret in file report.json, line 9." type="Uncovered a GitHub Personal Access Token, potentially leading to unauthorized repository access and sensitive content exposure.">{&#xA;&#x9;&#34;RuleID&#34;: &#34;github-pat&#34;,&#xA;&#x9;&#34;Description&#34;: &#34;Uncovered a GitHub Personal Access Token, potentially leading to unauthorized repository access and sensitive content exposure.&#34;,&#xA;&#x9;&#34;StartLine&#34;: 9,&#xA;&#x9;&#34;EndLine&#34;: 9,&#xA;&#x9;&#34;StartColumn&#34;: 14,&#xA;&#x9;&#34;EndColumn&#34;: 53,&#xA;&#x9;&#34;Match&#34;: &#34;ghp_123456789012345678901234567890123456&#34;,&#xA;&#x9;&#34;Secret&#34;: &#34;ghp_123456789012345678901234567890123456&#34;,&#xA;&#x9;&#34;File&#34;: &#34;report.json&#34;,&#xA;&#x9;&#34;SymlinkFile&#34;: &#34;&#34;,&#xA;&#x9;&#34;Commit&#34;: &#34;&#34;,&#xA;&#x9;&#34;Entropy&#34;: 3.6464393,&#xA;&#x9;&#34;Author&#34;: &#34;&#34;,&#xA;&#x9;&#34;Email&#34;: &#34;&#34;,&#xA;&#x9;&#34;Date&#34;: &#34;&#34;,&#xA;&#x9;&#34;Message&#34;: &#34;&#34;,&#xA;&#x9;&#34;Tags&#34;: [],&#xA;&#x9;&#34;Fingerprint&#34;: &#34;report.json:github-pat:9&#34;&#xA;}</failure>
		</testcase>
		<testcase classname="Uncovered a GitHub Personal Access Token, potentially leading to unauthorized repository access and sensitive content exposure." file="report.json" name="github-pat has detected a secret in file report.json, line 10." time="">
			<failure message="github-pat has detected a secret in file report.json, line 10." type="Uncovered a GitHub Personal Access Token, potentially leading to unauthorized repository access and sensitive content exposure.">{&#xA;&#x9;&#34;RuleID&#34;: &#34;github-pat&#34;,&#xA;&#x9;&#34;Description&#34;: &#34;Uncovered a GitHub Personal Access Token, potentially leading to unauthorized repository access and sensitive content exposure.&#34;,&#xA;&#x9;&#34;StartLine&#34;: 10,&#xA;&#x9;&#34;EndLine&#34;: 10,&#xA;&#x9;&#34;StartColumn&#34;: 15,&#xA;&#x9;&#34;EndColumn&#34;: 54,&#xA;&#x9;&#34;Match&#34;: &#34;ghp_123456789012345678901234567890123456&#34;,&#xA;&#x9;&#34;Secret&#34;: &#34;ghp_123456789012345678901234567890123456&#34;,&#xA;&#x9;&#34;File&#34;: &#34;report.json&#34;,&#xA;&#x9;&#34;SymlinkFile&#34;: &#34;&#34;,&#xA;&#x9;&#34;Commit&#34;: &#34;&#34;,&#xA;&#x9;&#34;Entropy&#34;: 3.6464393,&#xA;&#x9;&#34;Author&#34;: &#34;&#34;,&#xA;&#x9;&#34;Email&#34;: &#34;&#34;,&#xA;&#x9;&#34;Date&#34;: &#34;&#34;,&#xA;&#x9;&#34;Message&#34;: &#34;&#34;,&#xA;&#x9;&#34;Tags&#34;: [],&#xA;&#x9;&#34;Fingerprint&#34;: &#34;report.json:github-pat:10&#34;&#xA;}</failure>
		</testcase>
		<testcase classname="Uncovered a GitHub Personal Access Token, potentially leading to unauthorized repository access and sensitive content exposure." file="report.json" name="github-pat has detected a secret in file report.json, line 29." time="">
			<failure message="github-pat has detected a secret in file report.json, line 29." type="Uncovered a GitHub Personal Access Token, potentially leading to unauthorized repository access and sensitive content exposure.">{&#xA;&#x9;&#34;RuleID&#34;: &#34;github-pat&#34;,&#xA;&#x9;&#34;Description&#34;: &#34;Uncovered a GitHub Personal Access Token, potentially leading to unauthorized repository access and sensitive content exposure.&#34;,&#xA;&#x9;&#34;StartLine&#34;: 29,&#xA;&#x9;&#34;EndLine&#34;: 29,&#xA;&#x9;&#34;StartColumn&#34;: 27,&#xA;&#x9;&#34;EndColumn&#34;: 66,&#xA;&#x9;&#34;Match&#34;: &#34;ghp_1234567890abcdef1234567890abcdef1234&#34;,&#xA;&#x9;&#34;Secret&#34;: &#34;ghp_1234567890abcdef1234567890abcdef1234&#34;,&#xA;&#x9;&#34;File&#34;: &#34;report.json&#34;,&#xA;&#x9;&#34;SymlinkFile&#34;: &#34;&#34;,&#xA;&#x9;&#34;Commit&#34;: &#34;&#34;,&#xA;&#x9;&#34;Entropy&#34;: 4.2464395,&#xA;&#x9;&#34;Author&#34;: &#34;&#34;,&#xA;&#x9;&#34;Email&#34;: &#34;&#34;,&#xA;&#x9;&#34;Date&#34;: &#34;&#34;,&#xA;&#x9;&#34;Message&#34;: &#34;&#34;,&#xA;&#x9;&#34;Tags&#34;: [],&#xA;&#x9;&#34;Fingerprint&#34;: &#34;report.json:github-pat:29&#34;&#xA;}</failure>
		</testcase>
		<testcase classname="Uncovered a GitHub Personal Access Token, potentially leading to unauthorized repository access and sensitive content exposure." file="report.json" name="github-pat has detected a secret in file report.json, line 30." time="">
			<failure message="github-pat has detected a secret in file report.json, line 30." type="Uncovered a GitHub Personal Access Token, potentially leading to unauthorized repository access and sensitive content exposure.">{&#xA;&#x9;&#34;RuleID&#34;: &#34;github-pat&#34;,&#xA;&#x9;&#34;Description&#34;: &#34;Uncovered a GitHub Personal Access Token, potentially leading to unauthorized repository access and sensitive content exposure.&#34;,&#xA;&#x9;&#34;StartLine&#34;: 30,&#xA;&#x9;&#34;EndLine&#34;: 30,&#xA;&#x9;&#34;StartColumn&#34;: 15,&#xA;&#x9;&#34;EndColumn&#34;: 54,&#xA;&#x9;&#34;Match&#34;: &#34;ghp_1234567890abcdef1234567890abcdef1234&#34;,&#xA;&#x9;&#34;Secret&#34;: &#34;ghp_1234567890abcdef1234567890abcdef1234&#34;,&#xA;&#x9;&#34;File&#34;: &#34;report.json&#34;,&#xA;&#x9;&#34;SymlinkFile&#34;: &#34;&#34;,&#xA;&#x9;&#34;Commit&#34;: &#34;&#34;,&#xA;&#x9;&#34;Entropy&#34;: 4.2464395,&#xA;&#x9;&#34;Author&#34;: &#34;&#34;,&#xA;&#x9;&#34;Email&#34;: &#34;&#34;,&#xA;&#x9;&#34;Date&#34;: &#34;&#34;,&#xA;&#x9;&#34;Message&#34;: &#34;&#34;,&#xA;&#x9;&#34;Tags&#34;: [],&#xA;&#x9;&#34;Fingerprint&#34;: &#34;report.json:github-pat:30&#34;&#xA;}</failure>
		</testcase>
		<testcase classname="Uncovered a GitHub Personal Access Token, potentially leading to unauthorized repository access and sensitive content exposure." file="report.json" name="github-pat has detected a secret in file report.json, line 49." time="">
			<failure message="github-pat has detected a secret in file report.json, line 49." type="Uncovered a GitHub Personal Access Token, potentially leading to unauthorized repository access and sensitive content exposure.">{&#xA;&#x9;&#34;RuleID&#34;: &#34;github-pat&#34;,&#xA;&#x9;&#34;Description&#34;: &#34;Uncovered a GitHub Personal Access Token, potentially leading to unauthorized repository access and sensitive content exposure.&#34;,&#xA;&#x9;&#34;StartLine&#34;: 49,&#xA;&#x9;&#34;EndLine&#34;: 49,&#xA;&#x9;&#34;StartColumn&#34;: 14,&#xA;&#x9;&#34;EndColumn&#34;: 53,&#xA;&#x9;&#34;Match&#34;: &#34;ghp_1234567890abcdef1234567890abcdef1234&#34;,&#xA;&#x9;&#34;Secret&#34;: &#34;ghp_1234567890abcdef1234567890abcdef1234&#34;,&#xA;&#x9;&#34;File&#34;: &#34;report.json&#34;,&#xA;&#x9;&#34;SymlinkFile&#34;: &#34;&#34;,&#xA;&#x9;&#34;Commit&#34;: &#34;&#34;,&#xA;&#x9;&#34;Entropy&#34;: 4.2464395,&#xA;&#x9;&#34;Author&#34;: &#34;&#34;,&#xA;&#x9;&#34;Email&#34;: &#34;&#34;,&#xA;&#x9;&#34;Date&#34;: &#34;&#34;,&#xA;&#x9;&#34;Message&#34;: &#34;&#34;,&#xA;&#x9;&#34;Tags&#34;: [],&#xA;&#x9;&#34;Fingerprint&#34;: &#34;report.json:github-pat:49&#34;&#xA;}</failure>
		</testcase>
		<testcase classname="Uncovered a GitHub Personal Access Token, potentially leading to unauthorized repository access and sensitive content exposure." file="report.json" name="github-pat has detected a secret in file report.json, line 50." time="">
			<failure message="github-pat has detected a secret in file report.json, line 50." type="Uncovered a GitHub Personal Access Token, potentially leading to unauthorized repository access and sensitive content exposure.">{&#xA;&#x9;&#34;RuleID&#34;: &#34;github-pat&#34;,&#xA;&#x9;&#34;Description&#34;: &#34;Uncovered a GitHub Personal Access Token, potentially leading to unauthorized repository access and sensitive content exposure.&#34;,&#xA;&#x9;&#34;StartLine&#34;: 50,&#xA;&#x9;&#34;EndLine&#34;: 50,&#xA;&#x9;&#34;StartColumn&#34;: 15,&#xA;&#x9;&#34;EndColumn&#34;: 54,&#xA;&#x9;&#34;Match&#34;: &#34;ghp_1234567890abcdef1234567890abcdef1234&#34;,&#xA;&#x9;&#34;Secret&#34;: &#34;ghp_1234567890abcdef1234567890abcdef1234&#34;,&#xA;&#x9;&#34;File&#34;: &#34;report.json&#34;,&#xA;&#x9;&#34;SymlinkFile&#34;: &#34;&#34;,&#xA;&#x9;&#34;Commit&#34;: &#34;&#34;,&#xA;&#x9;&#34;Entropy&#34;: 4.2464395,&#xA;&#x9;&#34;Author&#34;: &#34;&#34;,&#xA;&#x9;&#34;Email&#34;: &#34;&#34;,&#xA;&#x9;&#34;Date&#34;: &#34;&#34;,&#xA;&#x9;&#34;Message&#34;: &#34;&#34;,&#xA;&#x9;&#34;Tags&#34;: [],&#xA;&#x9;&#34;Fingerprint&#34;: &#34;report.json:github-pat:50&#34;&#xA;}</failure>
		</testcase>
		<testcase classname="Detected a Generic API Key, potentially exposing access to various services and sensitive operations." file="report.csv" name="generic-api-key has detected a secret in file report.csv, line 9." time="">
			<failure message="generic-api-key has detected a secret in file report.csv, line 9." type="Detected a Generic API Key, potentially exposing access to various services and sensitive operations.">{&#xA;&#x9;&#34;RuleID&#34;: &#34;generic-api-key&#34;,&#xA;&#x9;&#34;Description&#34;: &#34;Detected a Generic API Key, potentially exposing access to various services and sensitive operations.&#34;,&#xA;&#x9;&#34;StartLine&#34;: 9,&#xA;&#x9;&#34;EndLine&#34;: 9,&#xA;&#x9;&#34;StartColumn&#34;: 78,&#xA;&#x9;&#34;EndColumn&#34;: 135,&#xA;&#x9;&#34;Match&#34;: &#34;GITHUB_TOKEN=ghp_1234567890abcdef1234567890abcdef12345678\&#34;&#34;,&#xA;&#x9;&#34;Secret&#34;: &#34;ghp_1234567890abcdef1234567890abcdef12345678&#34;,&#xA;&#x9;&#34;File&#34;: &#34;report.csv&#34;,&#xA;&#x9;&#34;SymlinkFile&#34;: &#34;&#34;,&#xA;&#x9;&#34;Commit&#34;: &#34;&#34;,&#xA;&#x9;&#34;Entropy&#34;: 4.2312703,&#xA;&#x9;&#34;Author&#34;: &#34;&#34;,&#xA;&#x9;&#34;Email&#34;: &#34;&#34;,&#xA;&#x9;&#34;Date&#34;: &#34;&#34;,&#xA;&#x9;&#34;Message&#34;: &#34;&#34;,&#xA;&#x9;&#34;Tags&#34;: [],&#xA;&#x9;&#34;Fingerprint&#34;: &#34;report.csv:generic-api-key:9&#34;&#xA;}</failure>
		</testcase>
		<testcase classname="Detected a Generic API Key, potentially exposing access to various services and sensitive operations." file="report.csv" name="generic-api-key has detected a secret in file report.csv, line 10." time="">
			<failure message="generic-api-key has detected a secret in file report.csv, line 10." type="Detected a Generic API Key, potentially exposing access to various services and sensitive operations.">{&#xA;&#x9;&#34;RuleID&#34;: &#34;generic-api-key&#34;,&#xA;&#x9;&#34;Description&#34;: &#34;Detected a Generic API Key, potentially exposing access to various services and sensitive operations.&#34;,&#xA;&#x9;&#34;StartLine&#34;: 10,&#xA;&#x9;&#34;EndLine&#34;: 10,&#xA;&#x9;&#34;StartColumn&#34;: 78,&#xA;&#x9;&#34;EndColumn&#34;: 134,&#xA;&#x9;&#34;Match&#34;: &#34;Secret\&#34;\&#34;: \&#34;\&#34;ghp_1234567890abcdef1234567890abcdef12345678\&#34;&#34;,&#xA;&#x9;&#34;Secret&#34;: &#34;ghp_1234567890abcdef1234567890abcdef12345678&#34;,&#xA;&#x9;&#34;File&#34;: &#34;report.csv&#34;,&#xA;&#x9;&#34;SymlinkFile&#34;: &#34;&#34;,&#xA;&#x9;&#34;Commit&#34;: &#34;&#34;,&#xA;&#x9;&#34;Entropy&#34;: 4.2312703,&#xA;&#x9;&#34;Author&#34;: &#34;&#34;,&#xA;&#x9;&#34;Email&#34;: &#34;&#34;,&#xA;&#x9;&#34;Date&#34;: &#34;&#34;,&#xA;&#x9;&#34;Message&#34;: &#34;&#34;,&#xA;&#x9;&#34;Tags&#34;: [],&#xA;&#x9;&#34;Fingerprint&#34;: &#34;report.csv:generic-api-key:10&#34;&#xA;}</failure>
		</testcase>
		<testcase classname="Uncovered a GitHub Personal Access Token, potentially leading to unauthorized repository access and sensitive content exposure." file="report.csv" name="github-pat has detected a secret in file report.csv, line 2." time="">
			<failure message="github-pat has detected a secret in file report.csv, line 2." type="Uncovered a GitHub Personal Access Token, potentially leading to unauthorized repository access and sensitive content exposure.">{&#xA;&#x9;&#34;RuleID&#34;: &#34;github-pat&#34;,&#xA;&#x9;&#34;Description&#34;: &#34;Uncovered a GitHub Personal Access Token, potentially leading to unauthorized repository access and sensitive content exposure.&#34;,&#xA;&#x9;&#34;StartLine&#34;: 2,&#xA;&#x9;&#34;EndLine&#34;: 2,&#xA;&#x9;&#34;StartColumn&#34;: 32,&#xA;&#x9;&#34;EndColumn&#34;: 71,&#xA;&#x9;&#34;Match&#34;: &#34;ghp_123456789012345678901234567890123456&#34;,&#xA;&#x9;&#34;Secret&#34;: &#34;ghp_123456789012345678901234567890123456&#34;,&#xA;&#x9;&#34;File&#34;: &#34;report.csv&#34;,&#xA;&#x9;&#34;SymlinkFile&#34;: &#34;&#34;,&#xA;&#x9;&#34;Commit&#34;: &#34;&#34;,&#xA;&#x9;&#34;Entropy&#34;: 3.6464393,&#xA;&#x9;&#34;Author&#34;: &#34;&#34;,&#xA;&#x9;&#34;Email&#34;: &#34;&#34;,&#xA;&#x9;&#34;Date&#34;: &#34;&#34;,&#xA;&#x9;&#34;Message&#34;: &#34;&#34;,&#xA;&#x9;&#34;Tags&#34;: [],&#xA;&#x9;&#34;Fingerprint&#34;: &#34;report.csv:github-pat:2&#34;&#xA;}</failure>
		</testcase>
		<testcase classname="Uncovered a GitHub Personal Access Token, potentially leading to unauthorized repository access and sensitive content exposure." file="report.csv" name="github-pat has detected a secret in file report.csv, line 2." time="">
			<failure message="github-pat has detected a secret in file report.csv, line 2." type="Uncovered a GitHub Personal Access Token, potentially leading to unauthorized repository access and sensitive content exposure.">{&#xA;&#x9;&#34;RuleID&#34;: &#34;github-pat&#34;,&#xA;&#x9;&#34;Description&#34;: &#34;Uncovered a GitHub Personal Access Token, potentially leading to unauthorized repository access and sensitive content exposure.&#34;,&#xA;&#x9;&#34;StartLine&#34;: 2,&#xA;&#x9;&#34;EndLine&#34;: 2,&#xA;&#x9;&#34;StartColumn&#34;: 73,&#xA;&#x9;&#34;EndColumn&#34;: 112,&#xA;&#x9;&#34;Match&#34;: &#34;ghp_123456789012345678901234567890123456&#34;,&#xA;&#x9;&#34;Secret&#34;: &#34;ghp_123456789012345678901234567890123456&#34;,&#xA;&#x9;&#34;File&#34;: &#34;report.csv&#34;,&#xA;&#x9;&#34;SymlinkFile&#34;: &#34;&#34;,&#xA;&#x9;&#34;Commit&#34;: &#34;&#34;,&#xA;&#x9;&#34;Entropy&#34;: 3.6464393,&#xA;&#x9;&#34;Author&#34;: &#34;&#34;,&#xA;&#x9;&#34;Email&#34;: &#34;&#34;,&#xA;&#x9;&#34;Date&#34;: &#34;&#34;,&#xA;&#x9;&#34;Message&#34;: &#34;&#34;,&#xA;&#x9;&#34;Tags&#34;: [],&#xA;&#x9;&#34;Fingerprint&#34;: &#34;report.csv:github-pat:2&#34;&#xA;}</failure>
		</testcase>
		<testcase classname="Uncovered a GitHub Personal Access Token, potentially leading to unauthorized repository access and sensitive content exposure." file="report.csv" name="github-pat has detected a secret in file report.csv, line 3." time="">
			<failure message="github-pat has detected a secret in file report.csv, line 3." type="Uncovered a GitHub Personal Access Token, potentially leading to unauthorized repository access and sensitive content exposure.">{&#xA;&#x9;&#34;RuleID&#34;: &#34;github-pat&#34;,&#xA;&#x9;&#34;Description&#34;: &#34;Uncovered a GitHub Personal Access Token, potentially leading to unauthorized repository access and sensitive content exposure.&#34;,&#xA;&#x9;&#34;StartLine&#34;: 3,&#xA;&#x9;&#34;EndLine&#34;: 3,&#xA;&#x9;&#34;StartColumn&#34;: 27,&#xA;&#x9;&#34;EndColumn&#34;: 66,&#xA;&#x9;&#34;Match&#34;: &#34;ghp_123456789012345678901234567890123456&#34;,&#xA;&#x9;&#34;Secret&#34;: &#34;ghp_123456789012345678901234567890123456&#34;,&#xA;&#x9;&#34;File&#34;: &#34;report.csv&#34;,&#xA;&#x9;&#34;SymlinkFile&#34;: &#34;&#34;,&#xA;&#x9;&#34;Commit&#34;: &#34;&#34;,&#xA;&#x9;&#34;Entropy&#34;: 3.6464393,&#xA;&#x9;&#34;Author&#34;: &#34;&#34;,&#xA;&#x9;&#34;Email&#34;: &#34;&#34;,&#xA;&#x9;&#34;Date&#34;: &#34;&#34;,&#xA;&#x9;&#34;Message&#34;: &#34;&#34;,&#xA;&#x9;&#34;Tags&#34;: [],&#xA;&#x9;&#34;Fingerprint&#34;: &#34;report.csv:github-pat:3&#34;&#xA;}</failure>
		</testcase>
		<testcase classname="Uncovered a GitHub Personal Access Token, potentially leading to unauthorized repository access and sensitive content exposure." file="report.csv" name="github-pat has detected a secret in file report.csv, line 3." time="">
			<failure message="github-pat has detected a secret in file report.csv, line 3." type="Uncovered a GitHub Personal Access Token, potentially leading to unauthorized repository access and sensitive content exposure.">{&#xA;&#x9;&#34;RuleID&#34;: &#34;github-pat&#34;,&#xA;&#x9;&#34;Description&#34;: &#34;Uncovered a GitHub Personal Access Token, potentially leading to unauthorized repository access and sensitive content exposure.&#34;,&#xA;&#x9;&#34;StartLine&#34;: 3,&#xA;&#x9;&#34;EndLine&#34;: 3,&#xA;&#x9;&#34;StartColumn&#34;: 68,&#xA;&#x9;&#34;EndColumn&#34;: 107,&#xA;&#x9;&#34;Match&#34;: &#34;ghp_123456789012345678901234567890123456&#34;,&#xA;&#x9;&#34;Secret&#34;: &#34;ghp_123456789012345678901234567890123456&#34;,&#xA;&#x9;&#34;File&#34;: &#34;report.csv&#34;,&#xA;&#x9;&#34;SymlinkFile&#34;: &#34;&#34;,&#xA;&#x9;&#34;Commit&#34;: &#34;&#34;,&#xA;&#x9;&#34;Entropy&#34;: 3.6464393,&#xA;&#x9;&#34;Author&#34;: &#34;&#34;,&#xA;&#x9;&#34;Email&#34;: &#34;&#34;,&#xA;&#x9;&#34;Date&#34;: &#34;&#34;,&#xA;&#x9;&#34;Message&#34;: &#34;&#34;,&#xA;&#x9;&#34;Tags&#34;: [],&#xA;&#x9;&#34;Fingerprint&#34;: &#34;report.csv:github-pat:3&#34;&#xA;}</failure>
		</testcase>
		<testcase classname="Uncovered a GitHub Personal Access Token, potentially leading to unauthorized repository access and sensitive content exposure." file="report.csv" name="github-pat has detected a secret in file report.csv, line 4." time="">
			<failure message="github-pat has detected a secret in file report.csv, line 4." type="Uncovered a GitHub Personal Access Token, potentially leading to unauthorized repository access and sensitive content exposure.">{&#xA;&#x9;&#34;RuleID&#34;: &#34;github-pat&#34;,&#xA;&#x9;&#34;Description&#34;: &#34;Uncovered a GitHub Personal Access Token, potentially leading to unauthorized repository access and sensitive content exposure.&#34;,&#xA;&#x9;&#34;StartLine&#34;: 4,&#xA;&#x9;&#34;EndLine&#34;: 4,&#xA;&#x9;&#34;StartColumn&#34;: 27,&#xA;&#x9;&#34;EndColumn&#34;: 66,&#xA;&#x9;&#34;Match&#34;: &#34;ghp_123456789012345678901234567890123456&#34;,&#xA;&#x9;&#34;Secret&#34;: &#34;ghp_123456789012345678901234567890123456&#34;,&#xA;&#x9;&#34;File&#34;: &#34;report.csv&#34;,&#xA;&#x9;&#34;SymlinkFile&#34;: &#34;&#34;,&#xA;&#x9;&#34;Commit&#34;: &#34;&#34;,&#xA;&#x9;&#34;Entropy&#34;: 3.6464393,&#xA;&#x9;&#34;Author&#34;: &#34;&#34;,&#xA;&#x9;&#34;Email&#34;: &#34;&#34;,&#xA;&#x9;&#34;Date&#34;: &#34;&#34;,&#xA;&#x9;&#34;Message&#34;: &#34;&#34;,&#xA;&#x9;&#34;Tags&#34;: [],&#xA;&#x9;&#34;Fingerprint&#34;: &#34;report.csv:github-pat:4&#34;&#xA;}</failure>
		</testcase>
		<testcase classname="Uncovered a GitHub Personal Access Token, potentially leading to unauthorized repository access and sensitive content exposure." file="report.csv" name="github-pat has detected a secret in file report.csv, line 4." time="">
			<failure message="github-pat has detected a secret in file report.csv, line 4." type="Uncovered a GitHub Personal Access Token, potentially leading to unauthorized repository access and sensitive content exposure.">{&#xA;&#x9;&#34;RuleID&#34;: &#34;github-pat&#34;,&#xA;&#x9;&#34;Description&#34;: &#34;Uncovered a GitHub Personal Access Token, potentially leading to unauthorized repository access and sensitive content exposure.&#34;,&#xA;&#x9;&#34;StartLine&#34;: 4,&#xA;&#x9;&#34;EndLine&#34;: 4,&#xA;&#x9;&#34;StartColumn&#34;: 68,&#xA;&#x9;&#34;EndColumn&#34;: 107,&#xA;&#x9;&#34;Match&#34;: &#34;ghp_123456789012345678901234567890123456&#34;,&#xA;&#x9;&#34;Secret&#34;: &#34;ghp_123456789012345678901234567890123456&#34;,&#xA;&#x9;&#34;File&#34;: &#34;report.csv&#34;,&#xA;&#x9;&#34;SymlinkFile&#34;: &#34;&#34;,&#xA;&#x9;&#34;Commit&#34;: &#34;&#34;,&#xA;&#x9;&#34;Entropy&#34;: 3.6464393,&#xA;&#x9;&#34;Author&#34;: &#34;&#34;,&#xA;&#x9;&#34;Email&#34;: &#34;&#34;,&#xA;&#x9;&#34;Date&#34;: &#34;&#34;,&#xA;&#x9;&#34;Message&#34;: &#34;&#34;,&#xA;&#x9;&#34;Tags&#34;: [],&#xA;&#x9;&#34;Fingerprint&#34;: &#34;report.csv:github-pat:4&#34;&#xA;}</failure>
		</testcase>
		<testcase classname="Uncovered a GitHub Personal Access Token, potentially leading to unauthorized repository access and sensitive content exposure." file="report.csv" name="github-pat has detected a secret in file report.csv, line 5." time="">
			<failure message="github-pat has detected a secret in file report.csv, line 5." type="Uncovered a GitHub Personal Access Token, potentially leading to unauthorized repository access and sensitive content exposure.">{&#xA;&#x9;&#34;RuleID&#34;: &#34;github-pat&#34;,&#xA;&#x9;&#34;Description&#34;: &#34;Uncovered a GitHub Personal Access Token, potentially leading to unauthorized repository access and sensitive content exposure.&#34;,&#xA;&#x9;&#34;StartLine&#34;: 5,&#xA;&#x9;&#34;EndLine&#34;: 5,&#xA;&#x9;&#34;StartColumn&#34;: 27,&#xA;&#x9;&#34;EndColumn&#34;: 66,&#xA;&#x9;&#34;Match&#34;: &#34;ghp_1234567890abcdef1234567890abcdef1234&#34;,&#xA;&#x9;&#34;Secret&#34;: &#34;ghp_1234567890abcdef1234567890abcdef1234&#34;,&#xA;&#x9;&#34;File&#34;: &#34;report.csv&#34;,&#xA;&#x9;&#34;SymlinkFile&#34;: &#34;&#34;,&#xA;&#x9;&#34;Commit&#34;: &#34;&#34;,&#xA;&#x9;&#34;Entropy&#34;: 4.2464395,&#xA;&#x9;&#34;Author&#34;: &#34;&#34;,&#xA;&#x9;&#34;Email&#34;: &#34;&#34;,&#xA;&#x9;&#34;Date&#34;: &#34;&#34;,&#xA;&#x9;&#34;Message&#34;: &#34;&#34;,&#xA;&#x9;&#34;Tags&#34;: [],&#xA;&#x9;&#34;Fingerprint&#34;: &#34;report.csv:github-pat:5&#34;&#xA;}</failure>
		</testcase>
		<testcase classname="Uncovered a GitHub Personal Access Token, potentially leading to unauthorized repository access and sensitive content exposure." file="report.csv" name="github-pat has detected a secret in file report.csv, line 5." time="">
			<failure message="github-pat has detected a secret in file report.csv, line 5." type="Uncovered a GitHub Personal Access Token, potentially leading to unauthorized repository access and sensitive content exposure.">{&#xA;&#x9;&#34;RuleID&#34;: &#34;github-pat&#34;,&#xA;&#x9;&#34;Description&#34;: &#34;Uncovered a GitHub Personal Access Token, potentially leading to unauthorized repository access and sensitive content exposure.&#34;,&#xA;&#x9;&#34;StartLine&#34;: 5,&#xA;&#x9;&#34;EndLine&#34;: 5,&#xA;&#x9;&#34;StartColumn&#34;: 68,&#xA;&#x9;&#34;EndColumn&#34;: 107,&#xA;&#x9;&#34;Match&#34;: &#34;ghp_1234567890abcdef1234567890abcdef1234&#34;,&#xA;&#x9;&#34;Secret&#34;: &#34;ghp_1234567890abcdef1234567890abcdef1234&#34;,&#xA;&#x9;&#34;File&#34;: &#34;report.csv&#34;,&#xA;&#x9;&#34;SymlinkFile&#34;: &#34;&#34;,&#xA;&#x9;&#34;Commit&#34;: &#34;&#34;,&#xA;&#x9;&#34;Entropy&#34;: 4.2464395,&#xA;&#x9;&#34;Author&#34;: &#34;&#34;,&#xA;&#x9;&#34;Email&#34;: &#34;&#34;,&#xA;&#x9;&#34;Date&#34;: &#34;&#34;,&#xA;&#x9;&#34;Message&#34;: &#34;&#34;,&#xA;&#x9;&#34;Tags&#34;: [],&#xA;&#x9;&#34;Fingerprint&#34;: &#34;report.csv:github-pat:5&#34;&#xA;}</failure>
		</testcase>
		<testcase classname="Uncovered a GitHub Personal Access Token, potentially leading to unauthorized repository access and sensitive content exposure." file="report.csv" name="github-pat has detected a secret in file report.csv, line 6." time="">
			<failure message="github-pat has detected a secret in file report.csv, line 6." type="Uncovered a GitHub Personal Access Token, potentially leading to unauthorized repository access and sensitive content exposure.">{&#xA;&#x9;&#34;RuleID&#34;: &#34;github-pat&#34;,&#xA;&#x9;&#34;Description&#34;: &#34;Uncovered a GitHub Personal Access Token, potentially leading to unauthorized repository access and sensitive content exposure.&#34;,&#xA;&#x9;&#34;StartLine&#34;: 6,&#xA;&#x9;&#34;EndLine&#34;: 6,&#xA;&#x9;&#34;StartColumn&#34;: 27,&#xA;&#x9;&#34;EndColumn&#34;: 66,&#xA;&#x9;&#34;Match&#34;: &#34;ghp_1234567890abcdef1234567890abcdef1234&#34;,&#xA;&#x9;&#34;Secret&#34;: &#34;ghp_1234567890abcdef1234567890abcdef1234&#34;,&#xA;&#x9;&#34;File&#34;: &#34;report.csv&#34;,&#xA;&#x9;&#34;SymlinkFile&#34;: &#34;&#34;,&#xA;&#x9;&#34;Commit&#34;: &#34;&#34;,&#xA;&#x9;&#34;Entropy&#34;: 4.2464395,&#xA;&#x9;&#34;Author&#34;: &#34;&#34;,&#xA;&#x9;&#34;Email&#34;: &#34;&#34;,&#xA;&#x9;&#34;Date&#34;: &#34;&#34;,&#xA;&#x9;&#34;Message&#34;: &#34;&#34;,&#xA;&#x9;&#34;Tags&#34;: [],&#xA;&#x9;&#34;Fingerprint&#34;: &#34;report.csv:github-pat:6&#34;&#xA;}</failure>
		</testcase>
		<testcase classname="Uncovered a GitHub Personal Access Token, potentially leading to unauthorized repository access and sensitive content exposure." file="report.csv" name="github-pat has detected a secret in file report.csv, line 6." time="">
			<failure message="github-pat has detected a secret in file report.csv, line 6." type="Uncovered a GitHub Personal Access Token, potentially leading to unauthorized repository access and sensitive content exposure.">{&#xA;&#x9;&#34;RuleID&#34;: &#34;github-pat&#34;,&#xA;&#x9;&#34;Description&#34;: &#34;Uncovered a GitHub Personal Access Token, potentially leading to unauthorized repository access and sensitive content exposure.&#34;,&#xA;&#x9;&#34;StartLine&#34;: 6,&#xA;&#x9;&#34;EndLine&#34;: 6,&#xA;&#x9;&#34;StartColumn&#34;: 68,&#xA;&#x9;&#34;EndColumn&#34;: 107,&#xA;&#x9;&#34;Match&#34;: &#34;ghp_1234567890abcdef1234567890abcdef1234&#34;,&#xA;&#x9;&#34;Secret&#34;: &#34;ghp_1234567890abcdef1234567890abcdef1234&#34;,&#xA;&#x9;&#34;File&#34;: &#34;report.csv&#34;,&#xA;&#x9;&#34;SymlinkFile&#34;: &#34;&#34;,&#xA;&#x9;&#34;Commit&#34;: &#34;&#34;,&#xA;&#x9;&#34;Entropy&#34;: 4.2464395,&#xA;&#x9;&#34;Author&#34;: &#34;&#34;,&#xA;&#x9;&#34;Email&#34;: &#34;&#34;,&#xA;&#x9;&#34;Date&#34;: &#34;&#34;,&#xA;&#x9;&#34;Message&#34;: &#34;&#34;,&#xA;&#x9;&#34;Tags&#34;: [],&#xA;&#x9;&#34;Fingerprint&#34;: &#34;report.csv:github-pat:6&#34;&#xA;}</failure>
		</testcase>
		<testcase classname="Uncovered a GitHub Personal Access Token, potentially leading to unauthorized repository access and sensitive content exposure." file="report.csv" name="github-pat has detected a secret in file report.csv, line 7." time="">
			<failure message="github-pat has detected a secret in file report.csv, line 7." type="Uncovered a GitHub Personal Access Token, potentially leading to unauthorized repository access and sensitive content exposure.">{&#xA;&#x9;&#34;RuleID&#34;: &#34;github-pat&#34;,&#xA;&#x9;&#34;Description&#34;: &#34;Uncovered a GitHub Personal Access Token, potentially leading to unauthorized repository access and sensitive content exposure.&#34;,&#xA;&#x9;&#34;StartLine&#34;: 7,&#xA;&#x9;&#34;EndLine&#34;: 7,&#xA;&#x9;&#34;StartColumn&#34;: 27,&#xA;&#x9;&#34;EndColumn&#34;: 66,&#xA;&#x9;&#34;Match&#34;: &#34;ghp_1234567890abcdef1234567890abcdef1234&#34;,&#xA;&#x9;&#34;Secret&#34;: &#34;ghp_1234567890abcdef1234567890abcdef1234&#34;,&#xA;&#x9;&#34;File&#34;: &#34;report.csv&#34;,&#xA;&#x9;&#34;SymlinkFile&#34;: &#34;&#34;,&#xA;&#x9;&#34;Commit&#34;: &#34;&#34;,&#xA;&#x9;&#34;Entropy&#34;: 4.2464395,&#xA;&#x9;&#34;Author&#34;: &#34;&#34;,&#xA;&#x9;&#34;Email&#34;: &#34;&#34;,&#xA;&#x9;&#34;Date&#34;: &#34;&#34;,&#xA;&#x9;&#34;Message&#34;: &#34;&#34;,&#xA;&#x9;&#34;Tags&#34;: [],&#xA;&#x9;&#34;Fingerprint&#34;: &#34;report.csv:github-pat:7&#34;&#xA;}</failure>
		</testcase>
		<testcase classname="Uncovered a GitHub Personal Access Token, potentially leading to unauthorized repository access and sensitive content exposure." file="report.csv" name="github-pat has detected a secret in file report.csv, line 7." time="">
			<failure message="github-pat has detected a secret in file report.csv, line 7." type="Uncovered a GitHub Personal Access Token, potentially leading to unauthorized repository access and sensitive content exposure.">{&#xA;&#x9;&#34;RuleID&#34;: &#34;github-pat&#34;,&#xA;&#x9;&#34;Description&#34;: &#34;Uncovered a GitHub Personal Access Token, potentially leading to unauthorized repository access and sensitive content exposure.&#34;,&#xA;&#x9;&#34;StartLine&#34;: 7,&#xA;&#x9;&#34;EndLine&#34;: 7,&#xA;&#x9;&#34;StartColumn&#34;: 68,&#xA;&#x9;&#34;EndColumn&#34;: 107,&#xA;&#x9;&#34;Match&#34;: &#34;ghp_1234567890abcdef1234567890abcdef1234&#34;,&#xA;&#x9;&#34;Secret&#34;: &#34;ghp_1234567890abcdef1234567890abcdef1234&#34;,&#xA;&#x9;&#34;File&#34;: &#34;report.csv&#34;,&#xA;&#x9;&#34;SymlinkFile&#34;: &#34;&#34;,&#xA;&#x9;&#34;Commit&#34;: &#34;&#34;,&#xA;&#x9;&#34;Entropy&#34;: 4.2464395,&#xA;&#x9;&#34;Author&#34;: &#34;&#34;,&#xA;&#x9;&#34;Email&#34;: &#34;&#34;,&#xA;&#x9;&#34;Date&#34;: &#34;&#34;,&#xA;&#x9;&#34;Message&#34;: &#34;&#34;,&#xA;&#x9;&#34;Tags&#34;: [],&#xA;&#x9;&#34;Fingerprint&#34;: &#34;report.csv:github-pat:7&#34;&#xA;}</failure>
		</testcase>
		<testcase classname="Uncovered a GitHub Personal Access Token, potentially leading to unauthorized repository access and sensitive content exposure." file="report.csv" name="github-pat has detected a secret in file report.csv, line 8." time="">
			<failure message="github-pat has detected a secret in file report.csv, line 8." type="Uncovered a GitHub Personal Access Token, potentially leading to unauthorized repository access and sensitive content exposure.">{&#xA;&#x9;&#34;RuleID&#34;: &#34;github-pat&#34;,&#xA;&#x9;&#34;Description&#34;: &#34;Uncovered a GitHub Personal Access Token, potentially leading to unauthorized repository access and sensitive content exposure.&#34;,&#xA;&#x9;&#34;StartLine&#34;: 8,&#xA;&#x9;&#34;EndLine&#34;: 8,&#xA;&#x9;&#34;StartColumn&#34;: 27,&#xA;&#x9;&#34;EndColumn&#34;: 66,&#xA;&#x9;&#34;Match&#34;: &#34;ghp_1234567890abcdef1234567890abcdef1234&#34;,&#xA;&#x9;&#34;Secret&#34;: &#34;ghp_1234567890abcdef1234567890abcdef1234&#34;,&#xA;&#x9;&#34;File&#34;: &#34;report.csv&#34;,&#xA;&#x9;&#34;SymlinkFile&#34;: &#34;&#34;,&#xA;&#x9;&#34;Commit&#34;: &#34;&#34;,&#xA;&#x9;&#34;Entropy&#34;: 4.2464395,&#xA;&#x9;&#34;Author&#34;: &#34;&#34;,&#xA;&#x9;&#34;Email&#34;: &#34;&#34;,&#xA;&#x9;&#34;Date&#34;: &#34;&#34;,&#xA;&#x9;&#34;Message&#34;: &#34;&#34;,&#xA;&#x9;&#34;Tags&#34;: [],&#xA;&#x9;&#34;Fingerprint&#34;: &#34;report.csv:github-pat:8&#34;&#xA;}</failure>
		</testcase>
		<testcase classname="Uncovered a GitHub Personal Access Token, potentially leading to unauthorized repository access and sensitive content exposure." file="report.csv" name="github-pat has detected a secret in file report.csv, line 8." time="">
			<failure message="github-pat has detected a secret in file report.csv, line 8." type="Uncovered a GitHub Personal Access Token, potentially leading to unauthorized repository access and sensitive content exposure.">{&#xA;&#x9;&#34;RuleID&#34;: &#34;github-pat&#34;,&#xA;&#x9;&#34;Description&#34;: &#34;Uncovered a GitHub Personal Access Token, potentially leading to unauthorized repository access and sensitive content exposure.&#34;,&#xA;&#x9;&#34;StartLine&#34;: 8,&#xA;&#x9;&#34;EndLine&#34;: 8,&#xA;&#x9;&#34;StartColumn&#34;: 68,&#xA;&#x9;&#34;EndColumn&#34;: 107,&#xA;&#x9;&#34;Match&#34;: &#34;ghp_1234567890abcdef1234567890abcdef1234&#34;,&#xA;&#x9;&#34;Secret&#34;: &#34;ghp_1234567890abcdef1234567890abcdef1234&#34;,&#xA;&#x9;&#34;File&#34;: &#34;report.csv&#34;,&#xA;&#x9;&#34;SymlinkFile&#34;: &#34;&#34;,&#xA;&#x9;&#34;Commit&#34;: &#34;&#34;,&#xA;&#x9;&#34;Entropy&#34;: 4.2464395,&#xA;&#x9;&#34;Author&#34;: &#34;&#34;,&#xA;&#x9;&#34;Email&#34;: &#34;&#34;,&#xA;&#x9;&#34;Date&#34;: &#34;&#34;,&#xA;&#x9;&#34;Message&#34;: &#34;&#34;,&#xA;&#x9;&#34;Tags&#34;: [],&#xA;&#x9;&#34;Fingerprint&#34;: &#34;report.csv:github-pat:8&#34;&#xA;}</failure>
		</testcase>
		<testcase classname="Uncovered a GitHub Personal Access Token, potentially leading to unauthorized repository access and sensitive content exposure." file="report.csv" name="github-pat has detected a secret in file report.csv, line 9." time="">
			<failure message="github-pat has detected a secret in file report.csv, line 9." type="Uncovered a GitHub Personal Access Token, potentially leading to unauthorized repository access and sensitive content exposure.">{&#xA;&#x9;&#34;RuleID&#34;: &#34;github-pat&#34;,&#xA;&#x9;&#34;Description&#34;: &#34;Uncovered a GitHub Personal Access Token, potentially leading to unauthorized repository access and sensitive content exposure.&#34;,&#xA;&#x9;&#34;StartLine&#34;: 9,&#xA;&#x9;&#34;EndLine&#34;: 9,&#xA;&#x9;&#34;StartColumn&#34;: 32,&#xA;&#x9;&#34;EndColumn&#34;: 71,&#xA;&#x9;&#34;Match&#34;: &#34;ghp_1234567890abcdef1234567890abcdef1234&#34;,&#xA;&#x9;&#34;Secret&#34;: &#34;ghp_1234567890abcdef1234567890abcdef1234&#34;,&#xA;&#x9;&#34;File&#34;: &#34;report.csv&#34;,&#xA;&#x9;&#34;SymlinkFile&#34;: &#34;&#34;,&#xA;&#x9;&#34;Commit&#34;: &#34;&#34;,&#xA;&#x9;&#34;Entropy&#34;: 4.2464395,&#xA;&#x9;&#34;Author&#34;: &#34;&#34;,&#xA;&#x9;&#34;Email&#34;: &#34;&#34;,&#xA;&#x9;&#34;Date&#34;: &#34;&#34;,&#xA;&#x9;&#34;Message&#34;: &#34;&#34;,&#xA;&#x9;&#34;Tags&#34;: [],&#xA;&#x9;&#34;Fingerprint&#34;: &#34;report.csv:github-pat:9&#34;&#xA;}</failure>
		</testcase>
		<testcase classname="Uncovered a GitHub Personal Access Token, potentially leading to unauthorized repository access and sensitive content exposure." file="report.csv" name="github-pat has detected a secret in file report.csv, line 9." time="">
			<failure message="github-pat has detected a secret in file report.csv, line 9." type="Uncovered a GitHub Personal Access Token, potentially leading to unauthorized repository access and sensitive content exposure.">{&#xA;&#x9;&#34;RuleID&#34;: &#34;github-pat&#34;,&#xA;&#x9;&#34;Description&#34;: &#34;Uncovered a GitHub Personal Access Token, potentially leading to unauthorized repository access and sensitive content exposure.&#34;,&#xA;&#x9;&#34;StartLine&#34;: 9,&#xA;&#x9;&#34;EndLine&#34;: 9,&#xA;&#x9;&#34;StartColumn&#34;: 91,&#xA;&#x9;&#34;EndColumn&#34;: 130,&#xA;&#x9;&#34;Match&#34;: &#34;ghp_1234567890abcdef1234567890abcdef1234&#34;,&#xA;&#x9;&#34;Secret&#34;: &#34;ghp_1234567890abcdef1234567890abcdef1234&#34;,&#xA;&#x9;&#34;File&#34;: &#34;report.csv&#34;,&#xA;&#x9;&#34;SymlinkFile&#34;: &#34;&#34;,&#xA;&#x9;&#34;Commit&#34;: &#34;&#34;,&#xA;&#x9;&#34;Entropy&#34;: 4.2464395,&#xA;&#x9;&#34;Author&#34;: &#34;&#34;,&#xA;&#x9;&#34;Email&#34;: &#34;&#34;,&#xA;&#x9;&#34;Date&#34;: &#34;&#34;,&#xA;&#x9;&#34;Message&#34;: &#34;&#34;,&#xA;&#x9;&#34;Tags&#34;: [],&#xA;&#x9;&#34;Fingerprint&#34;: &#34;report.csv:github-pat:9&#34;&#xA;}</failure>
		</testcase>
		<testcase classname="Uncovered a GitHub Personal Access Token, potentially leading to unauthorized repository access and sensitive content exposure." file="report.csv" name="github-pat has detected a secret in file report.csv, line 10." time="">
			<failure message="github-pat has detected a secret in file report.csv, line 10." type="Uncovered a GitHub Personal Access Token, potentially leading to unauthorized repository access and sensitive content exposure.">{&#xA;&#x9;&#34;RuleID&#34;: &#34;github-pat&#34;,&#xA;&#x9;&#34;Description&#34;: &#34;Uncovered a GitHub Personal Access Token, potentially leading to unauthorized repository access and sensitive content exposure.&#34;,&#xA;&#x9;&#34;StartLine&#34;: 10,&#xA;&#x9;&#34;EndLine&#34;: 10,&#xA;&#x9;&#34;StartColumn&#34;: 32,&#xA;&#x9;&#34;EndColumn&#34;: 71,&#xA;&#x9;&#34;Match&#34;: &#34;ghp_1234567890abcdef1234567890abcdef1234&#34;,&#xA;&#x9;&#34;Secret&#34;: &#34;ghp_1234567890abcdef1234567890abcdef1234&#34;,&#xA;&#x9;&#34;File&#34;: &#34;report.csv&#34;,&#xA;&#x9;&#34;SymlinkFile&#34;: &#34;&#34;,&#xA;&#x9;&#34;Commit&#34;: &#34;&#34;,&#xA;&#x9;&#34;Entropy&#34;: 4.2464395,&#xA;&#x9;&#34;Author&#34;: &#34;&#34;,&#xA;&#x9;&#34;Email&#34;: &#34;&#34;,&#xA;&#x9;&#34;Date&#34;: &#34;&#34;,&#xA;&#x9;&#34;Message&#34;: &#34;&#34;,&#xA;&#x9;&#34;Tags&#34;: [],&#xA;&#x9;&#34;Fingerprint&#34;: &#34;report.csv:github-pat:10&#34;&#xA;}</failure>
		</testcase>
		<testcase classname="Uncovered a GitHub Personal Access Token, potentially leading to unauthorized repository access and sensitive content exposure." file="report.csv" name="github-pat has detected a secret in file report.csv, line 10." time="">
			<failure message="github-pat has detected a secret in file report.csv, line 10." type="Uncovered a GitHub Personal Access Token, potentially leading to unauthorized repository access and sensitive content exposure.">{&#xA;&#x9;&#34;RuleID&#34;: &#34;github-pat&#34;,&#xA;&#x9;&#34;Description&#34;: &#34;Uncovered a GitHub Personal Access Token, potentially leading to unauthorized repository access and sensitive content exposure.&#34;,&#xA;&#x9;&#34;StartLine&#34;: 10,&#xA;&#x9;&#34;EndLine&#34;: 10,&#xA;&#x9;&#34;StartColumn&#34;: 90,&#xA;&#x9;&#34;EndColumn&#34;: 129,&#xA;&#x9;&#34;Match&#34;: &#34;ghp_1234567890abcdef1234567890abcdef1234&#34;,&#xA;&#x9;&#34;Secret&#34;: &#34;ghp_1234567890abcdef1234567890abcdef1234&#34;,&#xA;&#x9;&#34;File&#34;: &#34;report.csv&#34;,&#xA;&#x9;&#34;SymlinkFile&#34;: &#34;&#34;,&#xA;&#x9;&#34;Commit&#34;: &#34;&#34;,&#xA;&#x9;&#34;Entropy&#34;: 4.2464395,&#xA;&#x9;&#34;Author&#34;: &#34;&#34;,&#xA;&#x9;&#34;Email&#34;: &#34;&#34;,&#xA;&#x9;&#34;Date&#34;: &#34;&#34;,&#xA;&#x9;&#34;Message&#34;: &#34;&#34;,&#xA;&#x9;&#34;Tags&#34;: [],&#xA;&#x9;&#34;Fingerprint&#34;: &#34;report.csv:github-pat:10&#34;&#xA;}</failure>
		</testcase>
		<testcase classname="Uncovered a GitHub Personal Access Token, potentially leading to unauthorized repository access and sensitive content exposure." file="report.csv" name="github-pat has detected a secret in file report.csv, line 11." time="">
			<failure message="github-pat has detected a secret in file report.csv, line 11." type="Uncovered a GitHub Personal Access Token, potentially leading to unauthorized repository access and sensitive content exposure.">{&#xA;&#x9;&#34;RuleID&#34;: &#34;github-pat&#34;,&#xA;&#x9;&#34;Description&#34;: &#34;Uncovered a GitHub Personal Access Token, potentially leading to unauthorized repository access and sensitive content exposure.&#34;,&#xA;&#x9;&#34;StartLine&#34;: 11,&#xA;&#x9;&#34;EndLine&#34;: 11,&#xA;&#x9;&#34;StartColumn&#34;: 32,&#xA;&#x9;&#34;EndColumn&#34;: 71,&#xA;&#x9;&#34;Match&#34;: &#34;ghp_1234567890abcdef1234567890abcdef1234&#34;,&#xA;&#x9;&#34;Secret&#34;: &#34;ghp_1234567890abcdef1234567890abcdef1234&#34;,&#xA;&#x9;&#34;File&#34;: &#34;report.csv&#34;,&#xA;&#x9;&#34;SymlinkFile&#34;: &#34;&#34;,&#xA;&#x9;&#34;Commit&#34;: &#34;&#34;,&#xA;&#x9;&#34;Entropy&#34;: 4.2464395,&#xA;&#x9;&#34;Author&#34;: &#34;&#34;,&#xA;&#x9;&#34;Email&#34;: &#34;&#34;,&#xA;&#x9;&#34;Date&#34;: &#34;&#34;,&#xA;&#x9;&#34;Message&#34;: &#34;&#34;,&#xA;&#x9;&#34;Tags&#34;: [],&#xA;&#x9;&#34;Fingerprint&#34;: &#34;report.csv:github-pat:11&#34;&#xA;}</failure>
		</testcase>
		<testcase classname="Uncovered a GitHub Personal Access Token, potentially leading to unauthorized repository access and sensitive content exposure." file="report.csv" name="github-pat has detected a secret in file report.csv, line 11." time="">
			<failure message="github-pat has detected a secret in file report.csv, line 11." type="Uncovered a GitHub Personal Access Token, potentially leading to unauthorized repository access and sensitive content exposure.">{&#xA;&#x9;&#34;RuleID&#34;: &#34;github-pat&#34;,&#xA;&#x9;&#34;Description&#34;: &#34;Uncovered a GitHub Personal Access Token, potentially leading to unauthorized repository access and sensitive content exposure.&#34;,&#xA;&#x9;&#34;StartLine&#34;: 11,&#xA;&#x9;&#34;EndLine&#34;: 11,&#xA;&#x9;&#34;StartColumn&#34;: 73,&#xA;&#x9;&#34;EndColumn&#34;: 112,&#xA;&#x9;&#34;Match&#34;: &#34;ghp_1234567890abcdef1234567890abcdef1234&#34;,&#xA;&#x9;&#34;Secret&#34;: &#34;ghp_1234567890abcdef1234567890abcdef1234&#34;,&#xA;&#x9;&#34;File&#34;: &#34;report.csv&#34;,&#xA;&#x9;&#34;SymlinkFile&#34;: &#34;&#34;,&#xA;&#x9;&#34;Commit&#34;: &#34;&#34;,&#xA;&#x9;&#34;Entropy&#34;: 4.2464395,&#xA;&#x9;&#34;Author&#34;: &#34;&#34;,&#xA;&#x9;&#34;Email&#34;: &#34;&#34;,&#xA;&#x9;&#34;Date&#34;: &#34;&#34;,&#xA;&#x9;&#34;Message&#34;: &#34;&#34;,&#xA;&#x9;&#34;Tags&#34;: [],&#xA;&#x9;&#34;Fingerprint&#34;: &#34;report.csv:github-pat:11&#34;&#xA;}</failure>
		</testcase>
		<testcase classname="Uncovered a GitHub Personal Access Token, potentially leading to unauthorized repository access and sensitive content exposure." file="report.csv" name="github-pat has detected a secret in file report.csv, line 12." time="">
			<failure message="github-pat has detected a secret in file report.csv, line 12." type="Uncovered a GitHub Personal Access Token, potentially leading to unauthorized repository access and sensitive content exposure.">{&#xA;&#x9;&#34;RuleID&#34;: &#34;github-pat&#34;,&#xA;&#x9;&#34;Description&#34;: &#34;Uncovered a GitHub Personal Access Token, potentially leading to unauthorized repository access and sensitive content exposure.&#34;,&#xA;&#x9;&#34;StartLine&#34;: 12,&#xA;&#x9;&#34;EndLine&#34;: 12,&#xA;&#x9;&#34;StartColumn&#34;: 37,&#xA;&#x9;&#34;EndColumn&#34;: 76,&#xA;&#x9;&#34;Match&#34;: &#34;ghp_1234567890abcdef1234567890abcdef1234&#34;,&#xA;&#x9;&#34;Secret&#34;: &#34;ghp_1234567890abcdef1234567890abcdef1234&#34;,&#xA;&#x9;&#34;File&#34;: &#34;report.csv&#34;,&#xA;&#x9;&#34;SymlinkFile&#34;: &#34;&#34;,&#xA;&#x9;&#34;Commit&#34;: &#34;&#34;,&#xA;&#x9;&#34;Entropy&#34;: 4.2464395,&#xA;&#x9;&#34;Author&#34;: &#34;&#34;,&#xA;&#x9;&#34;Email&#34;: &#34;&#34;,&#xA;&#x9;&#34;Date&#34;: &#34;&#34;,&#xA;&#x9;&#34;Message&#34;: &#34;&#34;,&#xA;&#x9;&#34;Tags&#34;: [],&#xA;&#x9;&#34;Fingerprint&#34;: &#34;report.csv:github-pat:12&#34;&#xA;}</failure>
		</testcase>
		<testcase classname="Uncovered a GitHub Personal Access Token, potentially leading to unauthorized repository access and sensitive content exposure." file="report.csv" name="github-pat has detected a secret in file report.csv, line 12." time="">
			<failure message="github-pat has detected a secret in file report.csv, line 12." type="Uncovered a GitHub Personal Access Token, potentially leading to unauthorized repository access and sensitive content exposure.">{&#xA;&#x9;&#34;RuleID&#34;: &#34;github-pat&#34;,&#xA;&#x9;&#34;Description&#34;: &#34;Uncovered a GitHub Personal Access Token, potentially leading to unauthorized repository access and sensitive content exposure.&#34;,&#xA;&#x9;&#34;StartLine&#34;: 12,&#xA;&#x9;&#34;EndLine&#34;: 12,&#xA;&#x9;&#34;StartColumn&#34;: 95,&#xA;&#x9;&#34;EndColumn&#34;: 134,&#xA;&#x9;&#34;Match&#34;: &#34;ghp_1234567890abcdef1234567890abcdef1234&#34;,&#xA;&#x9;&#34;Secret&#34;: &#34;ghp_1234567890abcdef1234567890abcdef1234&#34;,&#xA;&#x9;&#34;File&#34;: &#34;report.csv&#34;,&#xA;&#x9;&#34;SymlinkFile&#34;: &#34;&#34;,&#xA;&#x9;&#34;Commit&#34;: &#34;&#34;,&#xA;&#x9;&#34;Entropy&#34;: 4.2464395,&#xA;&#x9;&#34;Author&#34;: &#34;&#34;,&#xA;&#x9;&#34;Email&#34;: &#34;&#34;,&#xA;&#x9;&#34;Date&#34;: &#34;&#34;,&#xA;&#x9;&#34;Message&#34;: &#34;&#34;,&#xA;&#x9;&#34;Tags&#34;: [],&#xA;&#x9;&#34;Fingerprint&#34;: &#34;report.csv:github-pat:12&#34;&#xA;}</failure>
		</testcase>
		<testcase classname="Uncovered a GitHub Personal Access Token, potentially leading to unauthorized repository access and sensitive content exposure." file="report.csv" name="github-pat has detected a secret in file report.csv, line 14." time="">
			<failure message="github-pat has detected a secret in file report.csv, line 14." type="Uncovered a GitHub Personal Access Token, potentially leading to unauthorized repository access and sensitive content exposure.">{&#xA;&#x9;&#34;RuleID&#34;: &#34;github-pat&#34;,&#xA;&#x9;&#34;Description&#34;: &#34;Uncovered a GitHub Personal Access Token, potentially leading to unauthorized repository access and sensitive content exposure.&#34;,&#xA;&#x9;&#34;StartLine&#34;: 14,&#xA;&#x9;&#34;EndLine&#34;: 14,&#xA;&#x9;&#34;StartColumn&#34;: 28,&#xA;&#x9;&#34;EndColumn&#34;: 67,&#xA;&#x9;&#34;Match&#34;: &#34;ghp_123456789012345678901234567890123456&#34;,&#xA;&#x9;&#34;Secret&#34;: &#34;ghp_123456789012345678901234567890123456&#34;,&#xA;&#x9;&#34;File&#34;: &#34;report.csv&#34;,&#xA;&#x9;&#34;SymlinkFile&#34;: &#34;&#34;,&#xA;&#x9;&#34;Commit&#34;: &#34;&#34;,&#xA;&#x9;&#34;Entropy&#34;: 3.6464393,&#xA;&#x9;&#34;Author&#34;: &#34;&#34;,&#xA;&#x9;&#34;Email&#34;: &#34;&#34;,&#xA;&#x9;&#34;Date&#34;: &#34;&#34;,&#xA;&#x9;&#34;Message&#34;: &#34;&#34;,&#xA;&#x9;&#34;Tags&#34;: [],&#xA;&#x9;&#34;Fingerprint&#34;: &#34;report.csv:github-pat:14&#34;&#xA;}</failure>
		</testcase>
		<testcase classname="Uncovered a GitHub Personal Access Token, potentially leading to unauthorized repository access and sensitive content exposure." file="report.csv" name="github-pat has detected a secret in file report.csv, line 14." time="">
			<failure message="github-pat has detected a secret in file report.csv, line 14." type="Uncovered a GitHub Personal Access Token, potentially leading to unauthorized repository access and sensitive content exposure.">{&#xA;&#x9;&#34;RuleID&#34;: &#34;github-pat&#34;,&#xA;&#x9;&#34;Description&#34;: &#34;Uncovered a GitHub Personal Access Token, potentially leading to unauthorized repository access and sensitive content exposure.&#34;,&#xA;&#x9;&#34;StartLine&#34;: 14,&#xA;&#x9;&#34;EndLine&#34;: 14,&#xA;&#x9;&#34;StartColumn&#34;: 69,&#xA;&#x9;&#34;EndColumn&#34;: 108,&#xA;&#x9;&#34;Match&#34;: &#34;ghp_123456789012345678901234567890123456&#34;,&#xA;&#x9;&#34;Secret&#34;: &#34;ghp_123456789012345678901234567890123456&#34;,&#xA;&#x9;&#34;File&#34;: &#34;report.csv&#34;,&#xA;&#x9;&#34;SymlinkFile&#34;: &#34;&#34;,&#xA;&#x9;&#34;Commit&#34;: &#34;&#34;,&#xA;&#x9;&#34;Entropy&#34;: 3.6464393,&#xA;&#x9;&#34;Author&#34;: &#34;&#34;,&#xA;&#x9;&#34;Email&#34;: &#34;&#34;,&#xA;&#x9;&#34;Date&#34;: &#34;&#34;,&#xA;&#x9;&#34;Message&#34;: &#34;&#34;,&#xA;&#x9;&#34;Tags&#34;: [],&#xA;&#x9;&#34;Fingerprint&#34;: &#34;report.csv:github-pat:14&#34;&#xA;}</failure>
		</testcase>
		<testcase classname="Uncovered a GitHub Personal Access Token, potentially leading to unauthorized repository access and sensitive content exposure." file="report.csv" name="github-pat has detected a secret in file report.csv, line 15." time="">
			<failure message="github-pat has detected a secret in file report.csv, line 15." type="Uncovered a GitHub Personal Access Token, potentially leading to unauthorized repository access and sensitive content exposure.">{&#xA;&#x9;&#34;RuleID&#34;: &#34;github-pat&#34;,&#xA;&#x9;&#34;Description&#34;: &#34;Uncovered a GitHub Personal Access Token, potentially leading to unauthorized repository access and sensitive content exposure.&#34;,&#xA;&#x9;&#34;StartLine&#34;: 15,&#xA;&#x9;&#34;EndLine&#34;: 15,&#xA;&#x9;&#34;StartColumn&#34;: 28,&#xA;&#x9;&#34;EndColumn&#34;: 67,&#xA;&#x9;&#34;Match&#34;: &#34;ghp_1234567890abcdef1234567890abcdef1234&#34;,&#xA;&#x9;&#34;Secret&#34;: &#34;ghp_1234567890abcdef1234567890abcdef1234&#34;,&#xA;&#x9;&#34;File&#34;: &#34;report.csv&#34;,&#xA;&#x9;&#34;SymlinkFile&#34;: &#34;&#34;,&#xA;&#x9;&#34;Commit&#34;: &#34;&#34;,&#xA;&#x9;&#34;Entropy&#34;: 4.2464395,&#xA;&#x9;&#34;Author&#34;: &#34;&#34;,&#xA;&#x9;&#34;Email&#34;: &#34;&#34;,&#xA;&#x9;&#34;Date&#34;: &#34;&#34;,&#xA;&#x9;&#34;Message&#34;: &#34;&#34;,&#xA;&#x9;&#34;Tags&#34;: [],&#xA;&#x9;&#34;Fingerprint&#34;: &#34;report.csv:github-pat:15&#34;&#xA;}</failure>
		</testcase>
		<testcase classname="Uncovered a GitHub Personal Access Token, potentially leading to unauthorized repository access and sensitive content exposure." file="report.csv" name="github-pat has detected a secret in file report.csv, line 15." time="">
			<failure message="github-pat has detected a secret in file report.csv, line 15." type="Uncovered a GitHub Personal Access Token, potentially leading to unauthorized repository access and sensitive content exposure.">{&#xA;&#x9;&#34;RuleID&#34;: &#34;github-pat&#34;,&#xA;&#x9;&#34;Description&#34;: &#34;Uncovered a GitHub Personal Access Token, potentially leading to unauthorized repository access and sensitive content exposure.&#34;,&#xA;&#x9;&#34;StartLine&#34;: 15,&#xA;&#x9;&#34;EndLine&#34;: 15,&#xA;&#x9;&#34;StartColumn&#34;: 69,&#xA;&#x9;&#34;EndColumn&#34;: 108,&#xA;&#x9;&#34;Match&#34;: &#34;ghp_1234567890abcdef1234567890abcdef1234&#34;,&#xA;&#x9;&#34;Secret&#34;: &#34;ghp_1234567890abcdef1234567890abcdef1234&#34;,&#xA;&#x9;&#34;File&#34;: &#34;report.csv&#34;,&#xA;&#x9;&#34;SymlinkFile&#34;: &#34;&#34;,&#xA;&#x9;&#34;Commit&#34;: &#34;&#34;,&#xA;&#x9;&#34;Entropy&#34;: 4.2464395,&#xA;&#x9;&#34;Author&#34;: &#34;&#34;,&#xA;&#x9;&#34;Email&#34;: &#34;&#34;,&#xA;&#x9;&#34;Date&#34;: &#34;&#34;,&#xA;&#x9;&#34;Message&#34;: &#34;&#34;,&#xA;&#x9;&#34;Tags&#34;: [],&#xA;&#x9;&#34;Fingerprint&#34;: &#34;report.csv:github-pat:15&#34;&#xA;}</failure>
		</testcase>
		<testcase classname="Uncovered a GitHub Personal Access Token, potentially leading to unauthorized repository access and sensitive content exposure." file="report.csv" name="github-pat has detected a secret in file report.csv, line 16." time="">
			<failure message="github-pat has detected a secret in file report.csv, line 16." type="Uncovered a GitHub Personal Access Token, potentially leading to unauthorized repository access and sensitive content exposure.">{&#xA;&#x9;&#34;RuleID&#34;: &#34;github-pat&#34;,&#xA;&#x9;&#34;Description&#34;: &#34;Uncovered a GitHub Personal Access Token, potentially leading to unauthorized repository access and sensitive content exposure.&#34;,&#xA;&#x9;&#34;StartLine&#34;: 16,&#xA;&#x9;&#34;EndLine&#34;: 16,&#xA;&#x9;&#34;StartColumn&#34;: 28,&#xA;&#x9;&#34;EndColumn&#34;: 67,&#xA;&#x9;&#34;Match&#34;: &#34;ghp_1234567890abcdef1234567890abcdef1234&#34;,&#xA;&#x9;&#34;Secret&#34;: &#34;ghp_1234567890abcdef1234567890abcdef1234&#34;,&#xA;&#x9;&#34;File&#34;: &#34;report.csv&#34;,&#xA;&#x9;&#34;SymlinkFile&#34;: &#34;&#34;,&#xA;&#x9;&#34;Commit&#34;: &#34;&#34;,&#xA;&#x9;&#34;Entropy&#34;: 4.2464395,&#xA;&#x9;&#34;Author&#34;: &#34;&#34;,&#xA;&#x9;&#34;Email&#34;: &#34;&#34;,&#xA;&#x9;&#34;Date&#34;: &#34;&#34;,&#xA;&#x9;&#34;Message&#34;: &#34;&#34;,&#xA;&#x9;&#34;Tags&#34;: [],&#xA;&#x9;&#34;Fingerprint&#34;: &#34;report.csv:github-pat:16&#34;&#xA;}</failure>
		</testcase>
		<testcase classname="Uncovered a GitHub Personal Access Token, potentially leading to unauthorized repository access and sensitive content exposure." file="report.csv" name="github-pat has detected a secret in file report.csv, line 16." time="">
			<failure message="github-pat has detected a secret in file report.csv, line 16." type="Uncovered a GitHub Personal Access Token, potentially leading to unauthorized repository access and sensitive content exposure.">{&#xA;&#x9;&#34;RuleID&#34;: &#34;github-pat&#34;,&#xA;&#x9;&#34;Description&#34;: &#34;Uncovered a GitHub Personal Access Token, potentially leading to unauthorized repository access and sensitive content exposure.&#34;,&#xA;&#x9;&#34;StartLine&#34;: 16,&#xA;&#x9;&#34;EndLine&#34;: 16,&#xA;&#x9;&#34;StartColumn&#34;: 69,&#xA;&#x9;&#34;EndColumn&#34;: 108,&#xA;&#x9;&#34;Match&#34;: &#34;ghp_1234567890abcdef1234567890abcdef1234&#34;,&#xA;&#x9;&#34;Secret&#34;: &#34;ghp_1234567890abcdef1234567890abcdef1234&#34;,&#xA;&#x9;&#34;File&#34;: &#34;report.csv&#34;,&#xA;&#x9;&#34;SymlinkFile&#34;: &#34;&#34;,&#xA;&#x9;&#34;Commit&#34;: &#34;&#34;,&#xA;&#x9;&#34;Entropy&#34;: 4.2464395,&#xA;&#x9;&#34;Author&#34;: &#34;&#34;,&#xA;&#x9;&#34;Email&#34;: &#34;&#34;,&#xA;&#x9;&#34;Date&#34;: &#34;&#34;,&#xA;&#x9;&#34;Message&#34;: &#34;&#34;,&#xA;&#x9;&#34;Tags&#34;: [],&#xA;&#x9;&#34;Fingerprint&#34;: &#34;report.csv:github-pat:16&#34;&#xA;}</failure>
		</testcase>
		<testcase classname="Uncovered a GitHub Personal Access Token, potentially leading to unauthorized repository access and sensitive content exposure." file="report.csv" name="github-pat has detected a secret in file report.csv, line 17." time="">
			<failure message="github-pat has detected a secret in file report.csv, line 17." type="Uncovered a GitHub Personal Access Token, potentially leading to unauthorized repository access and sensitive content exposure.">{&#xA;&#x9;&#34;RuleID&#34;: &#34;github-pat&#34;,&#xA;&#x9;&#34;Description&#34;: &#34;Uncovered a GitHub Personal Access Token, potentially leading to unauthorized repository access and sensitive content exposure.&#34;,&#xA;&#x9;&#34;StartLine&#34;: 17,&#xA;&#x9;&#34;EndLine&#34;: 17,&#xA;&#x9;&#34;StartColumn&#34;: 28,&#xA;&#x9;&#34;EndColumn&#34;: 67,&#xA;&#x9;&#34;Match&#34;: &#34;ghp_1234567890abcdef1234567890abcdef1234&#34;,&#xA;&#x9;&#34;Secret&#34;: &#34;ghp_1234567890abcdef1234567890abcdef1234&#34;,&#xA;&#x9;&#34;File&#34;: &#34;report.csv&#34;,&#xA;&#x9;&#34;SymlinkFile&#34;: &#34;&#34;,&#xA;&#x9;&#34;Commit&#34;: &#34;&#34;,&#xA;&#x9;&#34;Entropy&#34;: 4.2464395,&#xA;&#x9;&#34;Author&#34;: &#34;&#34;,&#xA;&#x9;&#34;Email&#34;: &#34;&#34;,&#xA;&#x9;&#34;Date&#34;: &#34;&#34;,&#xA;&#x9;&#34;Message&#34;: &#34;&#34;,&#xA;&#x9;&#34;Tags&#34;: [],&#xA;&#x9;&#34;Fingerprint&#34;: &#34;report.csv:github-pat:17&#34;&#xA;}</failure>
		</testcase>
		<testcase classname="Uncovered a GitHub Personal Access Token, potentially leading to unauthorized repository access and sensitive content exposure." file="report.csv" name="github-pat has detected a secret in file report.csv, line 17." time="">
			<failure message="github-pat has detected a secret in file report.csv, line 17." type="Uncovered a GitHub Personal Access Token, potentially leading to unauthorized repository access and sensitive content exposure.">{&#xA;&#x9;&#34;RuleID&#34;: &#34;github-pat&#34;,&#xA;&#x9;&#34;Description&#34;: &#34;Uncovered a GitHub Personal Access Token, potentially leading to unauthorized repository access and sensitive content exposure.&#34;,&#xA;&#x9;&#34;StartLine&#34;: 17,&#xA;&#x9;&#34;EndLine&#34;: 17,&#xA;&#x9;&#34;StartColumn&#34;: 69,&#xA;&#x9;&#34;EndColumn&#34;: 108,&#xA;&#x9;&#34;Match&#34;: &#34;ghp_1234567890abcdef1234567890abcdef1234&#34;,&#xA;&#x9;&#34;Secret&#34;: &#34;ghp_1234567890abcdef1234567890abcdef1234&#34;,&#xA;&#x9;&#34;File&#34;: &#34;report.csv&#34;,&#xA;&#x9;&#34;SymlinkFile&#34;: &#34;&#34;,&#xA;&#x9;&#34;Commit&#34;: &#34;&#34;,&#xA;&#x9;&#34;Entropy&#34;: 4.2464395,&#xA;&#x9;&#34;Author&#34;: &#34;&#34;,&#xA;&#x9;&#34;Email&#34;: &#34;&#34;,&#xA;&#x9;&#34;Date&#34;: &#34;&#34;,&#xA;&#x9;&#34;Message&#34;: &#34;&#34;,&#xA;&#x9;&#34;Tags&#34;: [],&#xA;&#x9;&#34;Fingerprint&#34;: &#34;report.csv:github-pat:17&#34;&#xA;}</failure>
		</testcase>
		<testcase classname="Uncovered a GitHub Personal Access Token, potentially leading to unauthorized repository access and sensitive content exposure." file="report.csv" name="github-pat has detected a secret in file report.csv, line 18." time="">
			<failure message="github-pat has detected a secret in file report.csv, line 18." type="Uncovered a GitHub Personal Access Token, potentially leading to unauthorized repository access and sensitive content exposure.">{&#xA;&#x9;&#34;RuleID&#34;: &#34;github-pat&#34;,&#xA;&#x9;&#34;Description&#34;: &#34;Uncovered a GitHub Personal Access Token, potentially leading to unauthorized repository access and sensitive content exposure.&#34;,&#xA;&#x9;&#34;StartLine&#34;: 18,&#xA;&#x9;&#34;EndLine&#34;: 18,&#xA;&#x9;&#34;StartColumn&#34;: 28,&#xA;&#x9;&#34;EndColumn&#34;: 67,&#xA;&#x9;&#34;Match&#34;: &#34;ghp_1234567890abcdef1234567890abcdef1234&#34;,&#xA;&#x9;&#34;Secret&#34;: &#34;ghp_1234567890abcdef1234567890abcdef1234&#34;,&#xA;&#x9;&#34;File&#34;: &#34;report.csv&#34;,&#xA;&#x9;&#34;SymlinkFile&#34;: &#34;&#34;,&#xA;&#x9;&#34;Commit&#34;: &#34;&#34;,&#xA;&#x9;&#34;Entropy&#34;: 4.2464395,&#xA;&#x9;&#34;Author&#34;: &#34;&#34;,&#xA;&#x9;&#34;Email&#34;: &#34;&#34;,&#xA;&#x9;&#34;Date&#34;: &#34;&#34;,&#xA;&#x9;&#34;Message&#34;: &#34;&#34;,&#xA;&#x9;&#34;Tags&#34;: [],&#xA;&#x9;&#34;Fingerprint&#34;: &#34;report.csv:github-pat:18&#34;&#xA;}</failure>
		</testcase>
		<testcase classname="Uncovered a GitHub Personal Access Token, potentially leading to unauthorized repository access and sensitive content exposure." file="report.csv" name="github-pat has detected a secret in file report.csv, line 18." time="">
			<failure message="github-pat has detected a secret in file report.csv, line 18." type="Uncovered a GitHub Personal Access Token, potentially leading to unauthorized repository access and sensitive content exposure.">{&#xA;&#x9;&#34;RuleID&#34;: &#34;github-pat&#34;,&#xA;&#x9;&#34;Description&#34;: &#34;Uncovered a GitHub Personal Access Token, potentially leading to unauthorized repository access and sensitive content exposure.&#34;,&#xA;&#x9;&#34;StartLine&#34;: 18,&#xA;&#x9;&#34;EndLine&#34;: 18,&#xA;&#x9;&#34;StartColumn&#34;: 69,&#xA;&#x9;&#34;EndColumn&#34;: 108,&#xA;&#x9;&#34;Match&#34;: &#34;ghp_1234567890abcdef1234567890abcdef1234&#34;,&#xA;&#x9;&#34;Secret&#34;: &#34;ghp_1234567890abcdef1234567890abcdef1234&#34;,&#xA;&#x9;&#34;File&#34;: &#34;report.csv&#34;,&#xA;&#x9;&#34;SymlinkFile&#34;: &#34;&#34;,&#xA;&#x9;&#34;Commit&#34;: &#34;&#34;,&#xA;&#x9;&#34;Entropy&#34;: 4.2464395,&#xA;&#x9;&#34;Author&#34;: &#34;&#34;,&#xA;&#x9;&#34;Email&#34;: &#34;&#34;,&#xA;&#x9;&#34;Date&#34;: &#34;&#34;,&#xA;&#x9;&#34;Message&#34;: &#34;&#34;,&#xA;&#x9;&#34;Tags&#34;: [],&#xA;&#x9;&#34;Fingerprint&#34;: &#34;report.csv:github-pat:18&#34;&#xA;}</failure>
		</testcase>
		<testcase classname="Uncovered a GitHub Personal Access Token, potentially leading to unauthorized repository access and sensitive content exposure." file="report.csv" name="github-pat has detected a secret in file report.csv, line 19." time="">
			<failure message="github-pat has detected a secret in file report.csv, line 19." type="Uncovered a GitHub Personal Access Token, potentially leading to unauthorized repository access and sensitive content exposure.">{&#xA;&#x9;&#34;RuleID&#34;: &#34;github-pat&#34;,&#xA;&#x9;&#34;Description&#34;: &#34;Uncovered a GitHub Personal Access Token, potentially leading to unauthorized repository access and sensitive content exposure.&#34;,&#xA;&#x9;&#34;StartLine&#34;: 19,&#xA;&#x9;&#34;EndLine&#34;: 19,&#xA;&#x9;&#34;StartColumn&#34;: 28,&#xA;&#x9;&#34;EndColumn&#34;: 67,&#xA;&#x9;&#34;Match&#34;: &#34;ghp_123456789012345678901234567890123456&#34;,&#xA;&#x9;&#34;Secret&#34;: &#34;ghp_123456789012345678901234567890123456&#34;,&#xA;&#x9;&#34;File&#34;: &#34;report.csv&#34;,&#xA;&#x9;&#34;SymlinkFile&#34;: &#34;&#34;,&#xA;&#x9;&#34;Commit&#34;: &#34;&#34;,&#xA;&#x9;&#34;Entropy&#34;: 3.6464393,&#xA;&#x9;&#34;Author&#34;: &#34;&#34;,&#xA;&#x9;&#34;Email&#34;: &#34;&#34;,&#xA;&#x9;&#34;Date&#34;: &#34;&#34;,&#xA;&#x9;&#34;Message&#34;: &#34;&#34;,&#xA;&#x9;&#34;Tags&#34;: [],&#xA;&#x9;&#34;Fingerprint&#34;: &#34;report.csv:github-pat:19&#34;&#xA;}</failure>
		</testcase>
		<testcase classname="Uncovered a GitHub Personal Access Token, potentially leading to unauthorized repository access and sensitive content exposure." file="report.csv" name="github-pat has detected a secret in file report.csv, line 19." time="">
			<failure message="github-pat has detected a secret in file report.csv, line 19." type="Uncovered a GitHub Personal Access Token, potentially leading to unauthorized repository access and sensitive content exposure.">{&#xA;&#x9;&#34;RuleID&#34;: &#34;github-pat&#34;,&#xA;&#x9;&#34;Description&#34;: &#34;Uncovered a GitHub Personal Access Token, potentially leading to unauthorized repository access and sensitive content exposure.&#34;,&#xA;&#x9;&#34;StartLine&#34;: 19,&#xA;&#x9;&#34;EndLine&#34;: 19,&#xA;&#x9;&#34;StartColumn&#34;: 69,&#xA;&#x9;&#34;EndColumn&#34;: 108,&#xA;&#x9;&#34;Match&#34;: &#34;ghp_123456789012345678901234567890123456&#34;,&#xA;&#x9;&#34;Secret&#34;: &#34;ghp_123456789012345678901234567890123456&#34;,&#xA;&#x9;&#34;File&#34;: &#34;report.csv&#34;,&#xA;&#x9;&#34;SymlinkFile&#34;: &#34;&#34;,&#xA;&#x9;&#34;Commit&#34;: &#34;&#34;,&#xA;&#x9;&#34;Entropy&#34;: 3.6464393,&#xA;&#x9;&#34;Author&#34;: &#34;&#34;,&#xA;&#x9;&#34;Email&#34;: &#34;&#34;,&#xA;&#x9;&#34;Date&#34;: &#34;&#34;,&#xA;&#x9;&#34;Message&#34;: &#34;&#34;,&#xA;&#x9;&#34;Tags&#34;: [],&#xA;&#x9;&#34;Fingerprint&#34;: &#34;report.csv:github-pat:19&#34;&#xA;}</failure>
		</testcase>
		<testcase classname="Uncovered a GitHub Personal Access Token, potentially leading to unauthorized repository access and sensitive content exposure." file="report.csv" name="github-pat has detected a secret in file report.csv, line 20." time="">
			<failure message="github-pat has detected a secret in file report.csv, line 20." type="Uncovered a GitHub Personal Access Token, potentially leading to unauthorized repository access and sensitive content exposure.">{&#xA;&#x9;&#34;RuleID&#34;: &#34;github-pat&#34;,&#xA;&#x9;&#34;Description&#34;: &#34;Uncovered a GitHub Personal Access Token, potentially leading to unauthorized repository access and sensitive content exposure.&#34;,&#xA;&#x9;&#34;StartLine&#34;: 20,&#xA;&#x9;&#34;EndLine&#34;: 20,&#xA;&#x9;&#34;StartColumn&#34;: 28,&#xA;&#x9;&#34;EndColumn&#34;: 67,&#xA;&#x9;&#34;Match&#34;: &#34;ghp_123456789012345678901234567890123456&#34;,&#xA;&#x9;&#34;Secret&#34;: &#34;ghp_123456789012345678901234567890123456&#34;,&#xA;&#x9;&#34;File&#34;: &#34;report.csv&#34;,&#xA;&#x9;&#34;SymlinkFile&#34;: &#34;&#34;,&#xA;&#x9;&#34;Commit&#34;: &#34;&#34;,&#xA;&#x9;&#34;Entropy&#34;: 3.6464393,&#xA;&#x9;&#34;Author&#34;: &#34;&#34;,&#xA;&#x9;&#34;Email&#34;: &#34;&#34;,&#xA;&#x9;&#34;Date&#34;: &#34;&#34;,&#xA;&#x9;&#34;Message&#34;: &#34;&#34;,&#xA;&#x9;&#34;Tags&#34;: [],&#xA;&#x9;&#34;Fingerprint&#34;: &#34;report.csv:github-pat:20&#34;&#xA;}</failure>
		</testcase>
		<testcase classname="Uncovered a GitHub Personal Access Token, potentially leading to unauthorized repository access and sensitive content exposure." file="report.csv" name="github-pat has detected a secret in file report.csv, line 20." time="">
			<failure message="github-pat has detected a secret in file report.csv, line 20." type="Uncovered a GitHub Personal Access Token, potentially leading to unauthorized repository access and sensitive content exposure.">{&#xA;&#x9;&#34;RuleID&#34;: &#34;github-pat&#34;,&#xA;&#x9;&#34;Description&#34;: &#34;Uncovered a GitHub Personal Access Token, potentially leading to unauthorized repository access and sensitive content exposure.&#34;,&#xA;&#x9;&#34;StartLine&#34;: 20,&#xA;&#x9;&#34;EndLine&#34;: 20,&#xA;&#x9;&#34;StartColumn&#34;: 69,&#xA;&#x9;&#34;EndColumn&#34;: 108,&#xA;&#x9;&#34;Match&#34;: &#34;ghp_123456789012345678901234567890123456&#34;,&#xA;&#x9;&#34;Secret&#34;: &#34;ghp_123456789012345678901234567890123456&#34;,&#xA;&#x9;&#34;File&#34;: &#34;report.csv&#34;,&#xA;&#x9;&#34;SymlinkFile&#34;: &#34;&#34;,&#xA;&#x9;&#34;Commit&#34;: &#34;&#34;,&#xA;&#x9;&#34;Entropy&#34;: 3.6464393,&#xA;&#x9;&#34;Author&#34;: &#34;&#34;,&#xA;&#x9;&#34;Email&#34;: &#34;&#34;,&#xA;&#x9;&#34;Date&#34;: &#34;&#34;,&#xA;&#x9;&#34;Message&#34;: &#34;&#34;,&#xA;&#x9;&#34;Tags&#34;: [],&#xA;&#x9;&#34;Fingerprint&#34;: &#34;report.csv:github-pat:20&#34;&#xA;}</failure>
		</testcase>
		<testcase classname="Uncovered a GitHub Personal Access Token, potentially leading to unauthorized repository access and sensitive content exposure." file="report.csv" name="github-pat has detected a secret in file report.csv, line 21." time="">
			<failure message="github-pat has detected a secret in file report.csv, line 21." type="Uncovered a GitHub Personal Access Token, potentially leading to unauthorized repository access and sensitive content exposure.">{&#xA;&#x9;&#34;RuleID&#34;: &#34;github-pat&#34;,&#xA;&#x9;&#34;Description&#34;: &#34;Uncovered a GitHub Personal Access Token, potentially leading to unauthorized repository access and sensitive content exposure.&#34;,&#xA;&#x9;&#34;StartLine&#34;: 21,&#xA;&#x9;&#34;EndLine&#34;: 21,&#xA;&#x9;&#34;StartColumn&#34;: 28,&#xA;&#x9;&#34;EndColumn&#34;: 67,&#xA;&#x9;&#34;Match&#34;: &#34;ghp_1234567890abcdef1234567890abcdef1234&#34;,&#xA;&#x9;&#34;Secret&#34;: &#34;ghp_1234567890abcdef1234567890abcdef1234&#34;,&#xA;&#x9;&#34;File&#34;: &#34;report.csv&#34;,&#xA;&#x9;&#34;SymlinkFile&#34;: &#34;&#34;,&#xA;&#x9;&#34;Commit&#34;: &#34;&#34;,&#xA;&#x9;&#34;Entropy&#34;: 4.2464395,&#xA;&#x9;&#34;Author&#34;: &#34;&#34;,&#xA;&#x9;&#34;Email&#34;: &#34;&#34;,&#xA;&#x9;&#34;Date&#34;: &#34;&#34;,&#xA;&#x9;&#34;Message&#34;: &#34;&#34;,&#xA;&#x9;&#34;Tags&#34;: [],&#xA;&#x9;&#34;Fingerprint&#34;: &#34;report.csv:github-pat:21&#34;&#xA;}</failure>
		</testcase>
		<testcase classname="Uncovered a GitHub Personal Access Token, potentially leading to unauthorized repository access and sensitive content exposure." file="report.csv" name="github-pat has detected a secret in file report.csv, line 21." time="">
			<failure message="github-pat has detected a secret in file report.csv, line 21." type="Uncovered a GitHub Personal Access Token, potentially leading to unauthorized repository access and sensitive content exposure.">{&#xA;&#x9;&#34;RuleID&#34;: &#34;github-pat&#34;,&#xA;&#x9;&#34;Description&#34;: &#34;Uncovered a GitHub Personal Access Token, potentially leading to unauthorized repository access and sensitive content exposure.&#34;,&#xA;&#x9;&#34;StartLine&#34;: 21,&#xA;&#x9;&#34;EndLine&#34;: 21,&#xA;&#x9;&#34;StartColumn&#34;: 69,&#xA;&#x9;&#34;EndColumn&#34;: 108,&#xA;&#x9;&#34;Match&#34;: &#34;ghp_1234567890abcdef1234567890abcdef1234&#34;,&#xA;&#x9;&#34;Secret&#34;: &#34;ghp_1234567890abcdef1234567890abcdef1234&#34;,&#xA;&#x9;&#34;File&#34;: &#34;report.csv&#34;,&#xA;&#x9;&#34;SymlinkFile&#34;: &#34;&#34;,&#xA;&#x9;&#34;Commit&#34;: &#34;&#34;,&#xA;&#x9;&#34;Entropy&#34;: 4.2464395,&#xA;&#x9;&#34;Author&#34;: &#34;&#34;,&#xA;&#x9;&#34;Email&#34;: &#34;&#34;,&#xA;&#x9;&#34;Date&#34;: &#34;&#34;,&#xA;&#x9;&#34;Message&#34;: &#34;&#34;,&#xA;&#x9;&#34;Tags&#34;: [],&#xA;&#x9;&#34;Fingerprint&#34;: &#34;report.csv:github-pat:21&#34;&#xA;}</failure>
		</testcase>
		<testcase classname="Uncovered a GitHub Personal Access Token, potentially leading to unauthorized repository access and sensitive content exposure." file="report.csv" name="github-pat has detected a secret in file report.csv, line 22." time="">
			<failure message="github-pat has detected a secret in file report.csv, line 22." type="Uncovered a GitHub Personal Access Token, potentially leading to unauthorized repository access and sensitive content exposure.">{&#xA;&#x9;&#34;RuleID&#34;: &#34;github-pat&#34;,&#xA;&#x9;&#34;Description&#34;: &#34;Uncovered a GitHub Personal Access Token, potentially leading to unauthorized repository access and sensitive content exposure.&#34;,&#xA;&#x9;&#34;StartLine&#34;: 22,&#xA;&#x9;&#34;EndLine&#34;: 22,&#xA;&#x9;&#34;StartColumn&#34;: 28,&#xA;&#x9;&#34;EndColumn&#34;: 67,&#xA;&#x9;&#34;Match&#34;: &#34;ghp_1234567890abcdef1234567890abcdef1234&#34;,&#xA;&#x9;&#34;Secret&#34;: &#34;ghp_1234567890abcdef1234567890abcdef1234&#34;,&#xA;&#x9;&#34;File&#34;: &#34;report.csv&#34;,&#xA;&#x9;&#34;SymlinkFile&#34;: &#34;&#34;,&#xA;&#x9;&#34;Commit&#34;: &#34;&#34;,&#xA;&#x9;&#34;Entropy&#34;: 4.2464395,&#xA;&#x9;&#34;Author&#34;: &#34;&#34;,&#xA;&#x9;&#34;Email&#34;: &#34;&#34;,&#xA;&#x9;&#34;Date&#34;: &#34;&#34;,&#xA;&#x9;&#34;Message&#34;: &#34;&#34;,&#xA;&#x9;&#34;Tags&#34;: [],&#xA;&#x9;&#34;Fingerprint&#34;: &#34;report.csv:github-pat:22&#34;&#xA;}</failure>
		</testcase>
		<testcase classname="Uncovered a GitHub Personal Access Token, potentially leading to unauthorized repository access and sensitive content exposure." file="report.csv" name="github-pat has detected a secret in file report.csv, line 22." time="">
			<failure message="github-pat has detected a secret in file report.csv, line 22." type="Uncovered a GitHub Personal Access Token, potentially leading to unauthorized repository access and sensitive content exposure.">{&#xA;&#x9;&#34;RuleID&#34;: &#34;github-pat&#34;,&#xA;&#x9;&#34;Description&#34;: &#34;Uncovered a GitHub Personal Access Token, potentially leading to unauthorized repository access and sensitive content exposure.&#34;,&#xA;&#x9;&#34;StartLine&#34;: 22,&#xA;&#x9;&#34;EndLine&#34;: 22,&#xA;&#x9;&#34;StartColumn&#34;: 69,&#xA;&#x9;&#34;EndColumn&#34;: 108,&#xA;&#x9;&#34;Match&#34;: &#34;ghp_1234567890abcdef1234567890abcdef1234&#34;,&#xA;&#x9;&#34;Secret&#34;: &#34;ghp_1234567890abcdef1234567890abcdef1234&#34;,&#xA;&#x9;&#34;File&#34;: &#34;report.csv&#34;,&#xA;&#x9;&#34;SymlinkFile&#34;: &#34;&#34;,&#xA;&#x9;&#34;Commit&#34;: &#34;&#34;,&#xA;&#x9;&#34;Entropy&#34;: 4.2464395,&#xA;&#x9;&#34;Author&#34;: &#34;&#34;,&#xA;&#x9;&#34;Email&#34;: &#34;&#34;,&#xA;&#x9;&#34;Date&#34;: &#34;&#34;,&#xA;&#x9;&#34;Message&#34;: &#34;&#34;,&#xA;&#x9;&#34;Tags&#34;: [],&#xA;&#x9;&#34;Fingerprint&#34;: &#34;report.csv:github-pat:22&#34;&#xA;}</failure>
		</testcase>
		<testcase classname="Uncovered a GitHub Personal Access Token, potentially leading to unauthorized repository access and sensitive content exposure." file="report.csv" name="github-pat has detected a secret in file report.csv, line 23." time="">
			<failure message="github-pat has detected a secret in file report.csv, line 23." type="Uncovered a GitHub Personal Access Token, potentially leading to unauthorized repository access and sensitive content exposure.">{&#xA;&#x9;&#34;RuleID&#34;: &#34;github-pat&#34;,&#xA;&#x9;&#34;Description&#34;: &#34;Uncovered a GitHub Personal Access Token, potentially leading to unauthorized repository access and sensitive content exposure.&#34;,&#xA;&#x9;&#34;StartLine&#34;: 23,&#xA;&#x9;&#34;EndLine&#34;: 23,&#xA;&#x9;&#34;StartColumn&#34;: 28,&#xA;&#x9;&#34;EndColumn&#34;: 67,&#xA;&#x9;&#34;Match&#34;: &#34;ghp_1234567890abcdef1234567890abcdef1234&#34;,&#xA;&#x9;&#34;Secret&#34;: &#34;ghp_1234567890abcdef1234567890abcdef1234&#34;,&#xA;&#x9;&#34;File&#34;: &#34;report.csv&#34;,&#xA;&#x9;&#34;SymlinkFile&#34;: &#34;&#34;,&#xA;&#x9;&#34;Commit&#34;: &#34;&#34;,&#xA;&#x9;&#34;Entropy&#34;: 4.2464395,&#xA;&#x9;&#34;Author&#34;: &#34;&#34;,&#xA;&#x9;&#34;Email&#34;: &#34;&#34;,&#xA;&#x9;&#34;Date&#34;: &#34;&#34;,&#xA;&#x9;&#34;Message&#34;: &#34;&#34;,&#xA;&#x9;&#34;Tags&#34;: [],&#xA;&#x9;&#34;Fingerprint&#34;: &#34;report.csv:github-pat:23&#34;&#xA;}</failure>
		</testcase>
		<testcase classname="Uncovered a GitHub Personal Access Token, potentially leading to unauthorized repository access and sensitive content exposure." file="report.csv" name="github-pat has detected a secret in file report.csv, line 23." time="">
			<failure message="github-pat has detected a secret in file report.csv, line 23." type="Uncovered a GitHub Personal Access Token, potentially leading to unauthorized repository access and sensitive content exposure.">{&#xA;&#x9;&#34;RuleID&#34;: &#34;github-pat&#34;,&#xA;&#x9;&#34;Description&#34;: &#34;Uncovered a GitHub Personal Access Token, potentially leading to unauthorized repository access and sensitive content exposure.&#34;,&#xA;&#x9;&#34;StartLine&#34;: 23,&#xA;&#x9;&#34;EndLine&#34;: 23,&#xA;&#x9;&#34;StartColumn&#34;: 69,&#xA;&#x9;&#34;EndColumn&#34;: 108,&#xA;&#x9;&#34;Match&#34;: &#34;ghp_1234567890abcdef1234567890abcdef1234&#34;,&#xA;&#x9;&#34;Secret&#34;: &#34;ghp_1234567890abcdef1234567890abcdef1234&#34;,&#xA;&#x9;&#34;File&#34;: &#34;report.csv&#34;,&#xA;&#x9;&#34;SymlinkFile&#34;: &#34;&#34;,&#xA;&#x9;&#34;Commit&#34;: &#34;&#34;,&#xA;&#x9;&#34;Entropy&#34;: 4.2464395,&#xA;&#x9;&#34;Author&#34;: &#34;&#34;,&#xA;&#x9;&#34;Email&#34;: &#34;&#34;,&#xA;&#x9;&#34;Date&#34;: &#34;&#34;,&#xA;&#x9;&#34;Message&#34;: &#34;&#34;,&#xA;&#x9;&#34;Tags&#34;: [],&#xA;&#x9;&#34;Fingerprint&#34;: &#34;report.csv:github-pat:23&#34;&#xA;}</failure>
		</testcase>
		<testcase classname="Uncovered a GitHub Personal Access Token, potentially leading to unauthorized repository access and sensitive content exposure." file="report.csv" name="github-pat has detected a secret in file report.csv, line 24." time="">
[...]
			<failure message="github-pat has detected a secret in file report.csv, line 24." type="Uncovered a GitHub Personal Access Token, potentially leading to unauthorized repository access and sensitive content exposure.">{&#xA;&#x9;&#34;RuleID&#34;: &#34;github-pat&#34;,&#xA;&#x9;&#34;Description&#34;: &#34;Uncovered a GitHub Personal Access Token, potentially leading to unauthorized repository access and sensitive content exposure.&#34;,&#xA;&#x9;&#34;StartLine&#34;: 24,&#xA;&#x9;&#34;EndLine&#34;: 24,&#xA;&#x9;&#34;StartColumn&#34;: 69,&#xA;&#x9;&#34;EndColumn&#34;: 108,&#xA;&#x9;&#34;Match&#34;: &#34;ghp_1234567890abcdef1234567890abcdef1234&#34;,&#xA;&#x9;&#34;Secret&#34;: &#34;ghp_1234567890abcdef1234567890abcdef1234&#34;,&#xA;&#x9;&#34;File&#34;: &#34;report.csv&#34;,&#xA;&#x9;&#34;SymlinkFile&#34;: &#34;&#34;,&#xA;&#x9;&#34;Commit&#34;: &#34;&#34;,&#xA;&#x9;&#34;Entropy&#34;: 4.2464395,&#xA;&#x9;&#34;Author&#34;: &#34;&#34;,&#xA;&#x9;&#34;Email&#34;: &#34;&#34;,&#xA;&#x9;&#34;Date&#34;: &#34;&#34;,&#xA;&#x9;&#34;Message&#34;: &#34;&#34;,&#xA;&#x9;&#34;Tags&#34;: [],&#xA;&#x9;&#34;Fingerprint&#34;: &#34;report.csv:github-pat:24&#34;&#xA;}</failure>
		</testcase>
		<testcase classname="Discovered a Sidekiq Secret, which could lead to compromised background job processing and application data breaches." file="report.csv" name="sidekiq-secret has detected a secret in file report.csv, line 13." time="">
			<failure message="sidekiq-secret has detected a secret in file report.csv, line 13." type="Discovered a Sidekiq Secret, which could lead to compromised background job processing and application data breaches.">{&#xA;&#x9;&#34;RuleID&#34;: &#34;sidekiq-secret&#34;,&#xA;&#x9;&#34;Description&#34;: &#34;Discovered a Sidekiq Secret, which could lead to compromised background job processing and application data breaches.&#34;,&#xA;&#x9;&#34;StartLine&#34;: 13,&#xA;&#x9;&#34;EndLine&#34;: 13,&#xA;&#x9;&#34;StartColumn&#34;: 48,&#xA;&#x9;&#34;EndColumn&#34;: 100,&#xA;&#x9;&#34;Match&#34;: &#34;BUNDLE_ENTERPRISE__CONTRIBSYS__COM=cafebabe:deadbeef\&#34;&#34;,&#xA;&#x9;&#34;Secret&#34;: &#34;cafebabe:deadbeef&#34;,&#xA;&#x9;&#34;File&#34;: &#34;report.csv&#34;,&#xA;&#x9;&#34;SymlinkFile&#34;: &#34;&#34;,&#xA;&#x9;&#34;Commit&#34;: &#34;&#34;,&#xA;&#x9;&#34;Entropy&#34;: 2.6098502,&#xA;&#x9;&#34;Author&#34;: &#34;&#34;,&#xA;&#x9;&#34;Email&#34;: &#34;&#34;,&#xA;&#x9;&#34;Date&#34;: &#34;&#34;,&#xA;&#x9;&#34;Message&#34;: &#34;&#34;,&#xA;&#x9;&#34;Tags&#34;: [],&#xA;&#x9;&#34;Fingerprint&#34;: &#34;report.csv:sidekiq-secret:13&#34;&#xA;}</failure>
		</testcase>
		<testcase classname="Discovered a Sidekiq Secret, which could lead to compromised background job processing and application data breaches." file="README.md" name="sidekiq-secret has detected a secret in file README.md, line 50." time="">
			<failure message="sidekiq-secret has detected a secret in file README.md, line 50." type="Discovered a Sidekiq Secret, which could lead to compromised background job processing and application data breaches.">{&#xA;&#x9;&#34;RuleID&#34;: &#34;sidekiq-secret&#34;,&#xA;&#x9;&#34;Description&#34;: &#34;Discovered a Sidekiq Secret, which could lead to compromised background job processing and application data breaches.&#34;,&#xA;&#x9;&#34;StartLine&#34;: 50,&#xA;&#x9;&#34;EndLine&#34;: 50,&#xA;&#x9;&#34;StartColumn&#34;: 23,&#xA;&#x9;&#34;EndColumn&#34;: 75,&#xA;&#x9;&#34;Match&#34;: &#34;BUNDLE_ENTERPRISE__CONTRIBSYS__COM=cafebabe:deadbeef\&#34;&#34;,&#xA;&#x9;&#34;Secret&#34;: &#34;cafebabe:deadbeef&#34;,&#xA;&#x9;&#34;File&#34;: &#34;README.md&#34;,&#xA;&#x9;&#34;SymlinkFile&#34;: &#34;&#34;,&#xA;&#x9;&#34;Commit&#34;: &#34;&#34;,&#xA;&#x9;&#34;Entropy&#34;: 2.6098502,&#xA;&#x9;&#34;Author&#34;: &#34;&#34;,&#xA;&#x9;&#34;Email&#34;: &#34;&#34;,&#xA;&#x9;&#34;Date&#34;: &#34;&#34;,&#xA;&#x9;&#34;Message&#34;: &#34;&#34;,&#xA;&#x9;&#34;Tags&#34;: [],&#xA;&#x9;&#34;Fingerprint&#34;: &#34;README.md:sidekiq-secret:50&#34;&#xA;}</failure>
		</testcase>
		<testcase classname="Uncovered a GitHub Personal Access Token, potentially leading to unauthorized repository access and sensitive content exposure." file="report.sarif" name="github-pat has detected a secret in file report.sarif, line 1275." time="">
			<failure message="github-pat has detected a secret in file report.sarif, line 1275." type="Uncovered a GitHub Personal Access Token, potentially leading to unauthorized repository access and sensitive content exposure.">{&#xA;&#x9;&#34;RuleID&#34;: &#34;github-pat&#34;,&#xA;&#x9;&#34;Description&#34;: &#34;Uncovered a GitHub Personal Access Token, potentially leading to unauthorized repository access and sensitive content exposure.&#34;,&#xA;&#x9;&#34;StartLine&#34;: 1275,&#xA;&#x9;&#34;EndLine&#34;: 1275,&#xA;&#x9;&#34;StartColumn&#34;: 21,&#xA;&#x9;&#34;EndColumn&#34;: 60,&#xA;&#x9;&#34;Match&#34;: &#34;ghp_123456789012345678901234567890123456&#34;,&#xA;&#x9;&#34;Secret&#34;: &#34;ghp_123456789012345678901234567890123456&#34;,&#xA;&#x9;&#34;File&#34;: &#34;report.sarif&#34;,&#xA;&#x9;&#34;SymlinkFile&#34;: &#34;&#34;,&#xA;&#x9;&#34;Commit&#34;: &#34;&#34;,&#xA;&#x9;&#34;Entropy&#34;: 3.6464393,&#xA;&#x9;&#34;Author&#34;: &#34;&#34;,&#xA;&#x9;&#34;Email&#34;: &#34;&#34;,&#xA;&#x9;&#34;Date&#34;: &#34;&#34;,&#xA;&#x9;&#34;Message&#34;: &#34;&#34;,&#xA;&#x9;&#34;Tags&#34;: [],&#xA;&#x9;&#34;Fingerprint&#34;: &#34;report.sarif:github-pat:1275&#34;&#xA;}</failure>
		</testcase>
		<testcase classname="Uncovered a GitHub Personal Access Token, potentially leading to unauthorized repository access and sensitive content exposure." file="report.sarif" name="github-pat has detected a secret in file report.sarif, line 1309." time="">
			<failure message="github-pat has detected a secret in file report.sarif, line 1309." type="Uncovered a GitHub Personal Access Token, potentially leading to unauthorized repository access and sensitive content exposure.">{&#xA;&#x9;&#34;RuleID&#34;: &#34;github-pat&#34;,&#xA;&#x9;&#34;Description&#34;: &#34;Uncovered a GitHub Personal Access Token, potentially leading to unauthorized repository access and sensitive content exposure.&#34;,&#xA;&#x9;&#34;StartLine&#34;: 1309,&#xA;&#x9;&#34;EndLine&#34;: 1309,&#xA;&#x9;&#34;StartColumn&#34;: 21,&#xA;&#x9;&#34;EndColumn&#34;: 60,&#xA;&#x9;&#34;Match&#34;: &#34;ghp_1234567890abcdef1234567890abcdef1234&#34;,&#xA;&#x9;&#34;Secret&#34;: &#34;ghp_1234567890abcdef1234567890abcdef1234&#34;,&#xA;&#x9;&#34;File&#34;: &#34;report.sarif&#34;,&#xA;&#x9;&#34;SymlinkFile&#34;: &#34;&#34;,&#xA;&#x9;&#34;Commit&#34;: &#34;&#34;,&#xA;&#x9;&#34;Entropy&#34;: 4.2464395,&#xA;&#x9;&#34;Author&#34;: &#34;&#34;,&#xA;&#x9;&#34;Email&#34;: &#34;&#34;,&#xA;&#x9;&#34;Date&#34;: &#34;&#34;,&#xA;&#x9;&#34;Message&#34;: &#34;&#34;,&#xA;&#x9;&#34;Tags&#34;: [],&#xA;&#x9;&#34;Fingerprint&#34;: &#34;report.sarif:github-pat:1309&#34;&#xA;}</failure>
		</testcase>
		<testcase classname="Uncovered a GitHub Personal Access Token, potentially leading to unauthorized repository access and sensitive content exposure." file="report.sarif" name="github-pat has detected a secret in file report.sarif, line 1343." time="">
			<failure message="github-pat has detected a secret in file report.sarif, line 1343." type="Uncovered a GitHub Personal Access Token, potentially leading to unauthorized repository access and sensitive content exposure.">{&#xA;&#x9;&#34;RuleID&#34;: &#34;github-pat&#34;,&#xA;&#x9;&#34;Description&#34;: &#34;Uncovered a GitHub Personal Access Token, potentially leading to unauthorized repository access and sensitive content exposure.&#34;,&#xA;&#x9;&#34;StartLine&#34;: 1343,&#xA;&#x9;&#34;EndLine&#34;: 1343,&#xA;&#x9;&#34;StartColumn&#34;: 21,&#xA;&#x9;&#34;EndColumn&#34;: 60,&#xA;&#x9;&#34;Match&#34;: &#34;ghp_1234567890abcdef1234567890abcdef1234&#34;,&#xA;&#x9;&#34;Secret&#34;: &#34;ghp_1234567890abcdef1234567890abcdef1234&#34;,&#xA;&#x9;&#34;File&#34;: &#34;report.sarif&#34;,&#xA;&#x9;&#34;SymlinkFile&#34;: &#34;&#34;,&#xA;&#x9;&#34;Commit&#34;: &#34;&#34;,&#xA;&#x9;&#34;Entropy&#34;: 4.2464395,&#xA;&#x9;&#34;Author&#34;: &#34;&#34;,&#xA;&#x9;&#34;Email&#34;: &#34;&#34;,&#xA;&#x9;&#34;Date&#34;: &#34;&#34;,&#xA;&#x9;&#34;Message&#34;: &#34;&#34;,&#xA;&#x9;&#34;Tags&#34;: [],&#xA;&#x9;&#34;Fingerprint&#34;: &#34;report.sarif:github-pat:1343&#34;&#xA;}</failure>
		</testcase>
		<testcase classname="Uncovered a GitHub Personal Access Token, potentially leading to unauthorized repository access and sensitive content exposure." file="report.sarif" name="github-pat has detected a secret in file report.sarif, line 1377." time="">
			<failure message="github-pat has detected a secret in file report.sarif, line 1377." type="Uncovered a GitHub Personal Access Token, potentially leading to unauthorized repository access and sensitive content exposure.">{&#xA;&#x9;&#34;RuleID&#34;: &#34;github-pat&#34;,&#xA;&#x9;&#34;Description&#34;: &#34;Uncovered a GitHub Personal Access Token, potentially leading to unauthorized repository access and sensitive content exposure.&#34;,&#xA;&#x9;&#34;StartLine&#34;: 1377,&#xA;&#x9;&#34;EndLine&#34;: 1377,&#xA;&#x9;&#34;StartColumn&#34;: 21,&#xA;&#x9;&#34;EndColumn&#34;: 60,&#xA;&#x9;&#34;Match&#34;: &#34;ghp_1234567890abcdef1234567890abcdef1234&#34;,&#xA;&#x9;&#34;Secret&#34;: &#34;ghp_1234567890abcdef1234567890abcdef1234&#34;,&#xA;&#x9;&#34;File&#34;: &#34;report.sarif&#34;,&#xA;&#x9;&#34;SymlinkFile&#34;: &#34;&#34;,&#xA;&#x9;&#34;Commit&#34;: &#34;&#34;,&#xA;&#x9;&#34;Entropy&#34;: 4.2464395,&#xA;&#x9;&#34;Author&#34;: &#34;&#34;,&#xA;&#x9;&#34;Email&#34;: &#34;&#34;,&#xA;&#x9;&#34;Date&#34;: &#34;&#34;,&#xA;&#x9;&#34;Message&#34;: &#34;&#34;,&#xA;&#x9;&#34;Tags&#34;: [],&#xA;&#x9;&#34;Fingerprint&#34;: &#34;report.sarif:github-pat:1377&#34;&#xA;}</failure>
		</testcase>
		<testcase classname="Uncovered a GitHub Personal Access Token, potentially leading to unauthorized repository access and sensitive content exposure." file="report.sarif" name="github-pat has detected a secret in file report.sarif, line 1411." time="">
			<failure message="github-pat has detected a secret in file report.sarif, line 1411." type="Uncovered a GitHub Personal Access Token, potentially leading to unauthorized repository access and sensitive content exposure.">{&#xA;&#x9;&#34;RuleID&#34;: &#34;github-pat&#34;,&#xA;&#x9;&#34;Description&#34;: &#34;Uncovered a GitHub Personal Access Token, potentially leading to unauthorized repository access and sensitive content exposure.&#34;,&#xA;&#x9;&#34;StartLine&#34;: 1411,&#xA;&#x9;&#34;EndLine&#34;: 1411,&#xA;&#x9;&#34;StartColumn&#34;: 21,&#xA;&#x9;&#34;EndColumn&#34;: 60,&#xA;&#x9;&#34;Match&#34;: &#34;ghp_1234567890abcdef1234567890abcdef1234&#34;,&#xA;&#x9;&#34;Secret&#34;: &#34;ghp_1234567890abcdef1234567890abcdef1234&#34;,&#xA;&#x9;&#34;File&#34;: &#34;report.sarif&#34;,&#xA;&#x9;&#34;SymlinkFile&#34;: &#34;&#34;,&#xA;&#x9;&#34;Commit&#34;: &#34;&#34;,&#xA;&#x9;&#34;Entropy&#34;: 4.2464395,&#xA;&#x9;&#34;Author&#34;: &#34;&#34;,&#xA;&#x9;&#34;Email&#34;: &#34;&#34;,&#xA;&#x9;&#34;Date&#34;: &#34;&#34;,&#xA;&#x9;&#34;Message&#34;: &#34;&#34;,&#xA;&#x9;&#34;Tags&#34;: [],&#xA;&#x9;&#34;Fingerprint&#34;: &#34;report.sarif:github-pat:1411&#34;&#xA;}</failure>
		</testcase>
		<testcase classname="Uncovered a GitHub Personal Access Token, potentially leading to unauthorized repository access and sensitive content exposure." file="report.sarif" name="github-pat has detected a secret in file report.sarif, line 1445." time="">
			<failure message="github-pat has detected a secret in file report.sarif, line 1445." type="Uncovered a GitHub Personal Access Token, potentially leading to unauthorized repository access and sensitive content exposure.">{&#xA;&#x9;&#34;RuleID&#34;: &#34;github-pat&#34;,&#xA;&#x9;&#34;Description&#34;: &#34;Uncovered a GitHub Personal Access Token, potentially leading to unauthorized repository access and sensitive content exposure.&#34;,&#xA;&#x9;&#34;StartLine&#34;: 1445,&#xA;&#x9;&#34;EndLine&#34;: 1445,&#xA;&#x9;&#34;StartColumn&#34;: 21,&#xA;&#x9;&#34;EndColumn&#34;: 60,&#xA;&#x9;&#34;Match&#34;: &#34;ghp_123456789012345678901234567890123456&#34;,&#xA;&#x9;&#34;Secret&#34;: &#34;ghp_123456789012345678901234567890123456&#34;,&#xA;&#x9;&#34;File&#34;: &#34;report.sarif&#34;,&#xA;&#x9;&#34;SymlinkFile&#34;: &#34;&#34;,&#xA;&#x9;&#34;Commit&#34;: &#34;&#34;,&#xA;&#x9;&#34;Entropy&#34;: 3.6464393,&#xA;&#x9;&#34;Author&#34;: &#34;&#34;,&#xA;&#x9;&#34;Email&#34;: &#34;&#34;,&#xA;&#x9;&#34;Date&#34;: &#34;&#34;,&#xA;&#x9;&#34;Message&#34;: &#34;&#34;,&#xA;&#x9;&#34;Tags&#34;: [],&#xA;&#x9;&#34;Fingerprint&#34;: &#34;report.sarif:github-pat:1445&#34;&#xA;}</failure>
		</testcase>
		<testcase classname="Uncovered a GitHub Personal Access Token, potentially leading to unauthorized repository access and sensitive content exposure." file="report.sarif" name="github-pat has detected a secret in file report.sarif, line 1479." time="">
			<failure message="github-pat has detected a secret in file report.sarif, line 1479." type="Uncovered a GitHub Personal Access Token, potentially leading to unauthorized repository access and sensitive content exposure.">{&#xA;&#x9;&#34;RuleID&#34;: &#34;github-pat&#34;,&#xA;&#x9;&#34;Description&#34;: &#34;Uncovered a GitHub Personal Access Token, potentially leading to unauthorized repository access and sensitive content exposure.&#34;,&#xA;&#x9;&#34;StartLine&#34;: 1479,&#xA;&#x9;&#34;EndLine&#34;: 1479,&#xA;&#x9;&#34;StartColumn&#34;: 21,&#xA;&#x9;&#34;EndColumn&#34;: 60,&#xA;&#x9;&#34;Match&#34;: &#34;ghp_123456789012345678901234567890123456&#34;,&#xA;&#x9;&#34;Secret&#34;: &#34;ghp_123456789012345678901234567890123456&#34;,&#xA;&#x9;&#34;File&#34;: &#34;report.sarif&#34;,&#xA;&#x9;&#34;SymlinkFile&#34;: &#34;&#34;,&#xA;&#x9;&#34;Commit&#34;: &#34;&#34;,&#xA;&#x9;&#34;Entropy&#34;: 3.6464393,&#xA;&#x9;&#34;Author&#34;: &#34;&#34;,&#xA;&#x9;&#34;Email&#34;: &#34;&#34;,&#xA;&#x9;&#34;Date&#34;: &#34;&#34;,&#xA;&#x9;&#34;Message&#34;: &#34;&#34;,&#xA;&#x9;&#34;Tags&#34;: [],&#xA;&#x9;&#34;Fingerprint&#34;: &#34;report.sarif:github-pat:1479&#34;&#xA;}</failure>
		</testcase>
		<testcase classname="Uncovered a GitHub Personal Access Token, potentially leading to unauthorized repository access and sensitive content exposure." file="report.sarif" name="github-pat has detected a secret in file report.sarif, line 1513." time="">
			<failure message="github-pat has detected a secret in file report.sarif, line 1513." type="Uncovered a GitHub Personal Access Token, potentially leading to unauthorized repository access and sensitive content exposure.">{&#xA;&#x9;&#34;RuleID&#34;: &#34;github-pat&#34;,&#xA;&#x9;&#34;Description&#34;: &#34;Uncovered a GitHub Personal Access Token, potentially leading to unauthorized repository access and sensitive content exposure.&#34;,&#xA;&#x9;&#34;StartLine&#34;: 1513,&#xA;&#x9;&#34;EndLine&#34;: 1513,&#xA;&#x9;&#34;StartColumn&#34;: 21,&#xA;&#x9;&#34;EndColumn&#34;: 60,&#xA;&#x9;&#34;Match&#34;: &#34;ghp_1234567890abcdef1234567890abcdef1234&#34;,&#xA;&#x9;&#34;Secret&#34;: &#34;ghp_1234567890abcdef1234567890abcdef1234&#34;,&#xA;&#x9;&#34;File&#34;: &#34;report.sarif&#34;,&#xA;&#x9;&#34;SymlinkFile&#34;: &#34;&#34;,&#xA;&#x9;&#34;Commit&#34;: &#34;&#34;,&#xA;&#x9;&#34;Entropy&#34;: 4.2464395,&#xA;&#x9;&#34;Author&#34;: &#34;&#34;,&#xA;&#x9;&#34;Email&#34;: &#34;&#34;,&#xA;&#x9;&#34;Date&#34;: &#34;&#34;,&#xA;&#x9;&#34;Message&#34;: &#34;&#34;,&#xA;&#x9;&#34;Tags&#34;: [],&#xA;&#x9;&#34;Fingerprint&#34;: &#34;report.sarif:github-pat:1513&#34;&#xA;}</failure>
		</testcase>
		<testcase classname="Uncovered a GitHub Personal Access Token, potentially leading to unauthorized repository access and sensitive content exposure." file="report.sarif" name="github-pat has detected a secret in file report.sarif, line 1547." time="">
			<failure message="github-pat has detected a secret in file report.sarif, line 1547." type="Uncovered a GitHub Personal Access Token, potentially leading to unauthorized repository access and sensitive content exposure.">{&#xA;&#x9;&#34;RuleID&#34;: &#34;github-pat&#34;,&#xA;&#x9;&#34;Description&#34;: &#34;Uncovered a GitHub Personal Access Token, potentially leading to unauthorized repository access and sensitive content exposure.&#34;,&#xA;&#x9;&#34;StartLine&#34;: 1547,&#xA;&#x9;&#34;EndLine&#34;: 1547,&#xA;&#x9;&#34;StartColumn&#34;: 21,&#xA;&#x9;&#34;EndColumn&#34;: 60,&#xA;&#x9;&#34;Match&#34;: &#34;ghp_1234567890abcdef1234567890abcdef1234&#34;,&#xA;&#x9;&#34;Secret&#34;: &#34;ghp_1234567890abcdef1234567890abcdef1234&#34;,&#xA;&#x9;&#34;File&#34;: &#34;report.sarif&#34;,&#xA;&#x9;&#34;SymlinkFile&#34;: &#34;&#34;,&#xA;&#x9;&#34;Commit&#34;: &#34;&#34;,&#xA;&#x9;&#34;Entropy&#34;: 4.2464395,&#xA;&#x9;&#34;Author&#34;: &#34;&#34;,&#xA;&#x9;&#34;Email&#34;: &#34;&#34;,&#xA;&#x9;&#34;Date&#34;: &#34;&#34;,&#xA;&#x9;&#34;Message&#34;: &#34;&#34;,&#xA;&#x9;&#34;Tags&#34;: [],&#xA;&#x9;&#34;Fingerprint&#34;: &#34;report.sarif:github-pat:1547&#34;&#xA;}</failure>
		</testcase>
		<testcase classname="Uncovered a GitHub Personal Access Token, potentially leading to unauthorized repository access and sensitive content exposure." file="report.sarif" name="github-pat has detected a secret in file report.sarif, line 1581." time="">
			<failure message="github-pat has detected a secret in file report.sarif, line 1581." type="Uncovered a GitHub Personal Access Token, potentially leading to unauthorized repository access and sensitive content exposure.">{&#xA;&#x9;&#34;RuleID&#34;: &#34;github-pat&#34;,&#xA;&#x9;&#34;Description&#34;: &#34;Uncovered a GitHub Personal Access Token, potentially leading to unauthorized repository access and sensitive content exposure.&#34;,&#xA;&#x9;&#34;StartLine&#34;: 1581,&#xA;&#x9;&#34;EndLine&#34;: 1581,&#xA;&#x9;&#34;StartColumn&#34;: 21,&#xA;&#x9;&#34;EndColumn&#34;: 60,&#xA;&#x9;&#34;Match&#34;: &#34;ghp_1234567890abcdef1234567890abcdef1234&#34;,&#xA;&#x9;&#34;Secret&#34;: &#34;ghp_1234567890abcdef1234567890abcdef1234&#34;,&#xA;&#x9;&#34;File&#34;: &#34;report.sarif&#34;,&#xA;&#x9;&#34;SymlinkFile&#34;: &#34;&#34;,&#xA;&#x9;&#34;Commit&#34;: &#34;&#34;,&#xA;&#x9;&#34;Entropy&#34;: 4.2464395,&#xA;&#x9;&#34;Author&#34;: &#34;&#34;,&#xA;&#x9;&#34;Email&#34;: &#34;&#34;,&#xA;&#x9;&#34;Date&#34;: &#34;&#34;,&#xA;&#x9;&#34;Message&#34;: &#34;&#34;,&#xA;&#x9;&#34;Tags&#34;: [],&#xA;&#x9;&#34;Fingerprint&#34;: &#34;report.sarif:github-pat:1581&#34;&#xA;}</failure>
		</testcase>
		<testcase classname="Uncovered a GitHub Personal Access Token, potentially leading to unauthorized repository access and sensitive content exposure." file="report.sarif" name="github-pat has detected a secret in file report.sarif, line 1615." time="">
			<failure message="github-pat has detected a secret in file report.sarif, line 1615." type="Uncovered a GitHub Personal Access Token, potentially leading to unauthorized repository access and sensitive content exposure.">{&#xA;&#x9;&#34;RuleID&#34;: &#34;github-pat&#34;,&#xA;&#x9;&#34;Description&#34;: &#34;Uncovered a GitHub Personal Access Token, potentially leading to unauthorized repository access and sensitive content exposure.&#34;,&#xA;&#x9;&#34;StartLine&#34;: 1615,&#xA;&#x9;&#34;EndLine&#34;: 1615,&#xA;&#x9;&#34;StartColumn&#34;: 21,&#xA;&#x9;&#34;EndColumn&#34;: 60,&#xA;&#x9;&#34;Match&#34;: &#34;ghp_1234567890abcdef1234567890abcdef1234&#34;,&#xA;&#x9;&#34;Secret&#34;: &#34;ghp_1234567890abcdef1234567890abcdef1234&#34;,&#xA;&#x9;&#34;File&#34;: &#34;report.sarif&#34;,&#xA;&#x9;&#34;SymlinkFile&#34;: &#34;&#34;,&#xA;&#x9;&#34;Commit&#34;: &#34;&#34;,&#xA;&#x9;&#34;Entropy&#34;: 4.2464395,&#xA;&#x9;&#34;Author&#34;: &#34;&#34;,&#xA;&#x9;&#34;Email&#34;: &#34;&#34;,&#xA;&#x9;&#34;Date&#34;: &#34;&#34;,&#xA;&#x9;&#34;Message&#34;: &#34;&#34;,&#xA;&#x9;&#34;Tags&#34;: [],&#xA;&#x9;&#34;Fingerprint&#34;: &#34;report.sarif:github-pat:1615&#34;&#xA;}</failure>
		</testcase>
	</testsuite>
</testsuites>